

================================================================
== Vitis HLS Report for 'axis2xfMat_24_9_2160_3840_1_s'
================================================================
* Date:           Tue Mar 29 20:35:17 2022

* Version:        2020.2.2 (Build 3118627 on Tue Feb  9 05:13:49 MST 2021)
* Project:        colordetect
* Solution:       colordetect (Vivado IP Flow Target)
* Product family: zynq
* Target device:  xc7z020-clg484-2


================================================================
== Performance Estimates
================================================================
+ Timing: 
    * Summary: 
    +--------+----------+----------+------------+
    |  Clock |  Target  | Estimated| Uncertainty|
    +--------+----------+----------+------------+
    |ap_clk  |  10.00 ns|  6.802 ns|     2.70 ns|
    +--------+----------+----------+------------+

+ Latency: 
    * Summary: 
    +---------+---------+-----------+-----------+-----+---------+---------+
    |  Latency (cycles) |   Latency (absolute)  |    Interval   | Pipeline|
    |   min   |   max   |    min    |    max    | min |   max   |   Type  |
    +---------+---------+-----------+-----------+-----+---------+---------+
    |        1|  8300881|  10.000 ns|  83.009 ms|    1|  8300881|     none|
    +---------+---------+-----------+-----------+-----+---------+---------+

    + Detail: 
        * Instance: 
        N/A

        * Loop: 
        +---------------------+---------+---------+----------+-----------+-----------+----------+----------+
        |                     |  Latency (cycles) | Iteration|  Initiation Interval  |   Trip   |          |
        |      Loop Name      |   min   |   max   |  Latency |  achieved |   target  |   Count  | Pipelined|
        +---------------------+---------+---------+----------+-----------+-----------+----------+----------+
        |- loop_row_axi2mat   |        0|  8300880|  3 ~ 3843|          -|          -|  0 ~ 2160|        no|
        | + loop_col_zxi2mat  |        0|     3840|         2|          1|          1|  0 ~ 3840|       yes|
        +---------------------+---------+---------+----------+-----------+-----------+----------+----------+

============================================================
+ Verbose Summary: Synthesis Manager
============================================================
InlineROM: 1
ExposeGlobal: 0
============================================================
+ Verbose Summary: CDFG Model
============================================================
IsTopModel: 0
ResetActiveHigh: 1
IsCombinational: 2
IsDatapathOnly: 0
HasWiredReturn: 1
HasMFsm: 0
HasVarLatency: 1
IsPipeline: 0
IsRtlPipelined: 0
IsInstanceOverlapped: 0
IsDontTouch: 0
HasImplIP: 0
IsGatedGlobalClock: 0

+ Individual pipeline summary: 
  * Pipeline-0: initiation interval (II) = 1, depth = 2


============================================================
+ Verbose Summary: Schedule
============================================================
* Number of FSM states : 5
* Pipeline : 1
  Pipeline-0 : II = 1, D = 2, States = { 3 4 }
* Dataflow Pipeline: 0

* FSM state transitions: 
1 --> 2 
2 --> 3 
3 --> 5 4 
4 --> 3 
5 --> 2 

* FSM state operations: 

State 1 <SV = 0> <Delay = 6.80>
ST_1 : Operation 6 [1/1] (0.00ns)   --->   "%specinterface_ln0 = specinterface void @_ssdm_op_SpecInterface, i24 %imgInput_499, void @empty_25, i32 0, i32 0, void @empty_14, i32 0, i32 0, void @empty_14, void @empty_14, void @empty_14, i32 0, i32 0, i32 0, i32 0, void @empty_14, void @empty_14"   --->   Operation 6 'specinterface' 'specinterface_ln0' <Predicate = true> <Delay = 0.00>
ST_1 : Operation 7 [1/1] (0.00ns)   --->   "%specinterface_ln0 = specinterface void @_ssdm_op_SpecInterface, i1 %AXI_video_strm_V_dest_V, i1 %AXI_video_strm_V_id_V, i1 %AXI_video_strm_V_last_V, i1 %AXI_video_strm_V_user_V, i3 %AXI_video_strm_V_strb_V, i3 %AXI_video_strm_V_keep_V, i24 %AXI_video_strm_V_data_V, void @empty_16, i32 1, i32 1, void @empty_26, i32 0, i32 0, void @empty_14, void @empty_14, void @empty_14, i32 0, i32 0, i32 0, i32 0, void @empty_14, void @empty_14"   --->   Operation 7 'specinterface' 'specinterface_ln0' <Predicate = true> <Delay = 0.00>
ST_1 : Operation 8 [1/1] (0.00ns)   --->   "%specinterface_ln0 = specinterface void @_ssdm_op_SpecInterface, i1 %AXI_video_strm_V_dest_V, i1 %AXI_video_strm_V_id_V, i1 %AXI_video_strm_V_last_V, i1 %AXI_video_strm_V_user_V, i3 %AXI_video_strm_V_strb_V, i3 %AXI_video_strm_V_keep_V, i24 %AXI_video_strm_V_data_V, void @empty_16, i32 1, i32 1, void @empty_26, i32 0, i32 0, void @empty_14, void @empty_14, void @empty_14, i32 0, i32 0, i32 0, i32 0, void @empty_14, void @empty_14"   --->   Operation 8 'specinterface' 'specinterface_ln0' <Predicate = true> <Delay = 0.00>
ST_1 : Operation 9 [1/1] (0.00ns)   --->   "%specinterface_ln0 = specinterface void @_ssdm_op_SpecInterface, i1 %AXI_video_strm_V_dest_V, i1 %AXI_video_strm_V_id_V, i1 %AXI_video_strm_V_last_V, i1 %AXI_video_strm_V_user_V, i3 %AXI_video_strm_V_strb_V, i3 %AXI_video_strm_V_keep_V, i24 %AXI_video_strm_V_data_V, void @empty_16, i32 1, i32 1, void @empty_26, i32 0, i32 0, void @empty_14, void @empty_14, void @empty_14, i32 0, i32 0, i32 0, i32 0, void @empty_14, void @empty_14"   --->   Operation 9 'specinterface' 'specinterface_ln0' <Predicate = true> <Delay = 0.00>
ST_1 : Operation 10 [1/1] (0.00ns)   --->   "%specinterface_ln0 = specinterface void @_ssdm_op_SpecInterface, i1 %AXI_video_strm_V_dest_V, i1 %AXI_video_strm_V_id_V, i1 %AXI_video_strm_V_last_V, i1 %AXI_video_strm_V_user_V, i3 %AXI_video_strm_V_strb_V, i3 %AXI_video_strm_V_keep_V, i24 %AXI_video_strm_V_data_V, void @empty_16, i32 1, i32 1, void @empty_26, i32 0, i32 0, void @empty_14, void @empty_14, void @empty_14, i32 0, i32 0, i32 0, i32 0, void @empty_14, void @empty_14"   --->   Operation 10 'specinterface' 'specinterface_ln0' <Predicate = true> <Delay = 0.00>
ST_1 : Operation 11 [1/1] (0.00ns)   --->   "%specinterface_ln0 = specinterface void @_ssdm_op_SpecInterface, i1 %AXI_video_strm_V_dest_V, i1 %AXI_video_strm_V_id_V, i1 %AXI_video_strm_V_last_V, i1 %AXI_video_strm_V_user_V, i3 %AXI_video_strm_V_strb_V, i3 %AXI_video_strm_V_keep_V, i24 %AXI_video_strm_V_data_V, void @empty_16, i32 1, i32 1, void @empty_26, i32 0, i32 0, void @empty_14, void @empty_14, void @empty_14, i32 0, i32 0, i32 0, i32 0, void @empty_14, void @empty_14"   --->   Operation 11 'specinterface' 'specinterface_ln0' <Predicate = true> <Delay = 0.00>
ST_1 : Operation 12 [1/1] (0.00ns)   --->   "%specinterface_ln0 = specinterface void @_ssdm_op_SpecInterface, i1 %AXI_video_strm_V_dest_V, i1 %AXI_video_strm_V_id_V, i1 %AXI_video_strm_V_last_V, i1 %AXI_video_strm_V_user_V, i3 %AXI_video_strm_V_strb_V, i3 %AXI_video_strm_V_keep_V, i24 %AXI_video_strm_V_data_V, void @empty_16, i32 1, i32 1, void @empty_26, i32 0, i32 0, void @empty_14, void @empty_14, void @empty_14, i32 0, i32 0, i32 0, i32 0, void @empty_14, void @empty_14"   --->   Operation 12 'specinterface' 'specinterface_ln0' <Predicate = true> <Delay = 0.00>
ST_1 : Operation 13 [1/1] (0.00ns)   --->   "%specinterface_ln0 = specinterface void @_ssdm_op_SpecInterface, i1 %AXI_video_strm_V_dest_V, i1 %AXI_video_strm_V_id_V, i1 %AXI_video_strm_V_last_V, i1 %AXI_video_strm_V_user_V, i3 %AXI_video_strm_V_strb_V, i3 %AXI_video_strm_V_keep_V, i24 %AXI_video_strm_V_data_V, void @empty_16, i32 1, i32 1, void @empty_26, i32 0, i32 0, void @empty_14, void @empty_14, void @empty_14, i32 0, i32 0, i32 0, i32 0, void @empty_14, void @empty_14"   --->   Operation 13 'specinterface' 'specinterface_ln0' <Predicate = true> <Delay = 0.00>
ST_1 : Operation 14 [1/1] (0.00ns)   --->   "%specinterface_ln0 = specinterface void @_ssdm_op_SpecInterface, i32 %img_cols, void @ap_fifo_str, i32 0, i32 0, void @p_str, i32 0, i32 0, void @p_str, void @p_str, void @p_str, i32 2, i32 2, i32 16, i32 16, void @p_str, void @ScalarProp_str"   --->   Operation 14 'specinterface' 'specinterface_ln0' <Predicate = true> <Delay = 0.00>
ST_1 : Operation 15 [1/1] (0.00ns)   --->   "%specinterface_ln0 = specinterface void @_ssdm_op_SpecInterface, i32 %img_rows, void @ap_fifo_str, i32 0, i32 0, void @p_str, i32 0, i32 0, void @p_str, void @p_str, void @p_str, i32 2, i32 2, i32 16, i32 16, void @p_str, void @ScalarProp_str"   --->   Operation 15 'specinterface' 'specinterface_ln0' <Predicate = true> <Delay = 0.00>
ST_1 : Operation 16 [1/1] (3.40ns)   --->   "%rows = read i32 @_ssdm_op_Read.ap_fifo.i32P0A, i32 %img_rows" [src/xf_colordetect_accel_stream.cpp:73]   --->   Operation 16 'read' 'rows' <Predicate = true> <Delay = 3.40> <CoreInst = "FIFO_SRL">   --->   Core 81 'FIFO_SRL' <Latency = 0> <II = 1> <Delay = 3.40> <Storage> <Opcode : 'read' 'write' 'nbread' 'nbwrite'> <Ports = 0> <Width = 32> <Depth = 2> <FIFO>
ST_1 : Operation 17 [1/1] (3.40ns)   --->   "%cols = read i32 @_ssdm_op_Read.ap_fifo.i32P0A, i32 %img_cols" [src/xf_colordetect_accel_stream.cpp:74]   --->   Operation 17 'read' 'cols' <Predicate = true> <Delay = 3.40> <CoreInst = "FIFO_SRL">   --->   Core 81 'FIFO_SRL' <Latency = 0> <II = 1> <Delay = 3.40> <Storage> <Opcode : 'read' 'write' 'nbread' 'nbwrite'> <Ports = 0> <Width = 32> <Depth = 2> <FIFO>
ST_1 : Operation 18 [1/1] (0.00ns)   --->   "%specinterface_ln0 = specinterface void @_ssdm_op_SpecInterface, i32 %img_rows_out, void @ap_fifo_str, i32 0, i32 0, void @p_str, i32 0, i32 0, void @p_str, void @p_str, void @p_str, i32 2, i32 2, i32 16, i32 16, void @p_str, void @ScalarProp_str"   --->   Operation 18 'specinterface' 'specinterface_ln0' <Predicate = true> <Delay = 0.00>
ST_1 : Operation 19 [1/1] (3.40ns)   --->   "%write_ln73 = write void @_ssdm_op_Write.ap_fifo.i32P0A, i32 %img_rows_out, i32 %rows" [src/xf_colordetect_accel_stream.cpp:73]   --->   Operation 19 'write' 'write_ln73' <Predicate = true> <Delay = 3.40> <CoreInst = "FIFO_SRL">   --->   Core 81 'FIFO_SRL' <Latency = 0> <II = 1> <Delay = 3.40> <Storage> <Opcode : 'read' 'write' 'nbread' 'nbwrite'> <Ports = 0> <Width = 32> <Depth = 2> <FIFO>
ST_1 : Operation 20 [1/1] (0.00ns)   --->   "%specinterface_ln0 = specinterface void @_ssdm_op_SpecInterface, i32 %img_cols_out, void @ap_fifo_str, i32 0, i32 0, void @p_str, i32 0, i32 0, void @p_str, void @p_str, void @p_str, i32 2, i32 2, i32 16, i32 16, void @p_str, void @ScalarProp_str"   --->   Operation 20 'specinterface' 'specinterface_ln0' <Predicate = true> <Delay = 0.00>
ST_1 : Operation 21 [1/1] (3.40ns)   --->   "%write_ln74 = write void @_ssdm_op_Write.ap_fifo.i32P0A, i32 %img_cols_out, i32 %cols" [src/xf_colordetect_accel_stream.cpp:74]   --->   Operation 21 'write' 'write_ln74' <Predicate = true> <Delay = 3.40> <CoreInst = "FIFO_SRL">   --->   Core 81 'FIFO_SRL' <Latency = 0> <II = 1> <Delay = 3.40> <Storage> <Opcode : 'read' 'write' 'nbread' 'nbwrite'> <Ports = 0> <Width = 32> <Depth = 2> <FIFO>
ST_1 : Operation 22 [1/1] (0.00ns)   --->   "%specinterface_ln0 = specinterface void @_ssdm_op_SpecInterface, i24 %imgInput_499, void @empty_25, i32 0, i32 0, void @empty_14, i32 0, i32 0, void @empty_14, void @empty_14, void @empty_14, i32 0, i32 0, i32 0, i32 0, void @empty_14, void @empty_14"   --->   Operation 22 'specinterface' 'specinterface_ln0' <Predicate = true> <Delay = 0.00>
ST_1 : Operation 23 [1/1] (0.00ns)   --->   "%specinterface_ln0 = specinterface void @_ssdm_op_SpecInterface, i1 %AXI_video_strm_V_dest_V, i1 %AXI_video_strm_V_id_V, i1 %AXI_video_strm_V_last_V, i1 %AXI_video_strm_V_user_V, i3 %AXI_video_strm_V_strb_V, i3 %AXI_video_strm_V_keep_V, i24 %AXI_video_strm_V_data_V, void @empty_16, i32 1, i32 1, void @empty_26, i32 0, i32 0, void @empty_14, void @empty_14, void @empty_14, i32 0, i32 0, i32 0, i32 0, void @empty_14, void @empty_14"   --->   Operation 23 'specinterface' 'specinterface_ln0' <Predicate = true> <Delay = 0.00>
ST_1 : Operation 24 [1/1] (1.29ns)   --->   "%br_ln80 = br void %.lr.ph6.i" [src/xf_colordetect_accel_stream.cpp:80]   --->   Operation 24 'br' 'br_ln80' <Predicate = true> <Delay = 1.29>

State 2 <SV = 1> <Delay = 1.96>
ST_2 : Operation 25 [1/1] (0.00ns)   --->   "%i = phi i12 %i_2, void %._crit_edge.loopexit.i, i12 0, void %entry"   --->   Operation 25 'phi' 'i' <Predicate = true> <Delay = 0.00>
ST_2 : Operation 26 [1/1] (1.54ns)   --->   "%i_2 = add i12 %i, i12 1" [src/xf_colordetect_accel_stream.cpp:80]   --->   Operation 26 'add' 'i_2' <Predicate = true> <Delay = 1.54> <CoreInst = "Adder">   --->   Core 1 'Adder' <Latency = 0> <II = 1> <Delay = 1.54> <FuncUnit> <Opcode : 'add' 'sub'> <InPorts = 2> <OutPorts = 1>
ST_2 : Operation 27 [1/1] (0.00ns)   --->   "%zext_ln80 = zext i12 %i" [src/xf_colordetect_accel_stream.cpp:80]   --->   Operation 27 'zext' 'zext_ln80' <Predicate = true> <Delay = 0.00>
ST_2 : Operation 28 [1/1] (1.96ns)   --->   "%icmp_ln80 = icmp_slt  i32 %zext_ln80, i32 %rows" [src/xf_colordetect_accel_stream.cpp:80]   --->   Operation 28 'icmp' 'icmp_ln80' <Predicate = true> <Delay = 1.96> <CoreInst = "Cmp">   --->   Core 9 'Cmp' <Latency = 0> <II = 1> <Delay = 1.96> <FuncUnit> <Opcode : 'icmp'> <InPorts = 2> <OutPorts = 1>
ST_2 : Operation 29 [1/1] (0.00ns)   --->   "%speclooptripcount_ln0 = speclooptripcount void @_ssdm_op_SpecLoopTripCount, i64 0, i64 2160, i64 0"   --->   Operation 29 'speclooptripcount' 'speclooptripcount_ln0' <Predicate = true> <Delay = 0.00>
ST_2 : Operation 30 [1/1] (0.00ns)   --->   "%br_ln80 = br i1 %icmp_ln80, void %.exit, void %.split2.i" [src/xf_colordetect_accel_stream.cpp:80]   --->   Operation 30 'br' 'br_ln80' <Predicate = true> <Delay = 0.00>
ST_2 : Operation 31 [1/1] (0.00ns)   --->   "%specloopname_ln80 = specloopname void @_ssdm_op_SpecLoopName, void @empty_1" [src/xf_colordetect_accel_stream.cpp:80]   --->   Operation 31 'specloopname' 'specloopname_ln80' <Predicate = (icmp_ln80)> <Delay = 0.00>
ST_2 : Operation 32 [1/1] (1.29ns)   --->   "%br_ln82 = br void" [src/xf_colordetect_accel_stream.cpp:82]   --->   Operation 32 'br' 'br_ln82' <Predicate = (icmp_ln80)> <Delay = 1.29>
ST_2 : Operation 33 [1/1] (0.00ns)   --->   "%ret_ln0 = ret"   --->   Operation 33 'ret' 'ret_ln0' <Predicate = (!icmp_ln80)> <Delay = 0.00>

State 3 <SV = 2> <Delay = 1.96>
ST_3 : Operation 34 [1/1] (0.00ns)   --->   "%j = phi i12 0, void %.split2.i, i12 %j_2, void %.split.i"   --->   Operation 34 'phi' 'j' <Predicate = true> <Delay = 0.00>
ST_3 : Operation 35 [1/1] (1.54ns)   --->   "%j_2 = add i12 %j, i12 1" [src/xf_colordetect_accel_stream.cpp:82]   --->   Operation 35 'add' 'j_2' <Predicate = true> <Delay = 1.54> <CoreInst = "Adder">   --->   Core 1 'Adder' <Latency = 0> <II = 1> <Delay = 1.54> <FuncUnit> <Opcode : 'add' 'sub'> <InPorts = 2> <OutPorts = 1>
ST_3 : Operation 36 [1/1] (0.00ns)   --->   "%zext_ln82 = zext i12 %j" [src/xf_colordetect_accel_stream.cpp:82]   --->   Operation 36 'zext' 'zext_ln82' <Predicate = true> <Delay = 0.00>
ST_3 : Operation 37 [1/1] (1.96ns)   --->   "%icmp_ln82 = icmp_slt  i32 %zext_ln82, i32 %cols" [src/xf_colordetect_accel_stream.cpp:82]   --->   Operation 37 'icmp' 'icmp_ln82' <Predicate = true> <Delay = 1.96> <CoreInst = "Cmp">   --->   Core 9 'Cmp' <Latency = 0> <II = 1> <Delay = 1.96> <FuncUnit> <Opcode : 'icmp'> <InPorts = 2> <OutPorts = 1>
ST_3 : Operation 38 [1/1] (0.00ns)   --->   "%speclooptripcount_ln0 = speclooptripcount void @_ssdm_op_SpecLoopTripCount, i64 0, i64 3840, i64 0"   --->   Operation 38 'speclooptripcount' 'speclooptripcount_ln0' <Predicate = true> <Delay = 0.00>
ST_3 : Operation 39 [1/1] (0.00ns)   --->   "%br_ln82 = br i1 %icmp_ln82, void %._crit_edge.loopexit.i, void %.split.i" [src/xf_colordetect_accel_stream.cpp:82]   --->   Operation 39 'br' 'br_ln82' <Predicate = true> <Delay = 0.00>
ST_3 : Operation 40 [1/1] (0.00ns)   --->   "%empty = read i34 @_ssdm_op_Read.axis.volatile.i24P0A.i3P0A.i3P0A.i1P0A.i1P0A.i1P0A.i1P0A, i24 %AXI_video_strm_V_data_V, i3 %AXI_video_strm_V_keep_V, i3 %AXI_video_strm_V_strb_V, i1 %AXI_video_strm_V_user_V, i1 %AXI_video_strm_V_last_V, i1 %AXI_video_strm_V_id_V, i1 %AXI_video_strm_V_dest_V"   --->   Operation 40 'read' 'empty' <Predicate = (icmp_ln82)> <Delay = 0.00> <CoreInst = "axis">   --->   Core 115 'axis' <Latency = 0> <II = 1> <Delay = 1.00> <Adapter> <Opcode : >
ST_3 : Operation 41 [1/1] (0.00ns)   --->   "%axi_data_V = extractvalue i34 %empty"   --->   Operation 41 'extractvalue' 'axi_data_V' <Predicate = (icmp_ln82)> <Delay = 0.00>

State 4 <SV = 3> <Delay = 3.40>
ST_4 : Operation 42 [1/1] (0.00ns)   --->   "%specpipeline_ln82 = specpipeline void @_ssdm_op_SpecPipeline, i32 1, i32 0, i32 0, i32 0, void @empty_14" [src/xf_colordetect_accel_stream.cpp:82]   --->   Operation 42 'specpipeline' 'specpipeline_ln82' <Predicate = (icmp_ln82)> <Delay = 0.00>
ST_4 : Operation 43 [1/1] (0.00ns)   --->   "%specloopname_ln82 = specloopname void @_ssdm_op_SpecLoopName, void @empty_3" [src/xf_colordetect_accel_stream.cpp:82]   --->   Operation 43 'specloopname' 'specloopname_ln82' <Predicate = (icmp_ln82)> <Delay = 0.00>
ST_4 : Operation 44 [1/1] (3.40ns)   --->   "%write_ln174 = write void @_ssdm_op_Write.ap_fifo.volatile.i24P0A, i24 %imgInput_499, i24 %axi_data_V" [/tools/Xilinx/Vitis_HLS/2020.2/common/technology/autopilot/hls_stream_39.h:174]   --->   Operation 44 'write' 'write_ln174' <Predicate = (icmp_ln82)> <Delay = 3.40> <CoreInst = "FIFO_SRL">   --->   Core 81 'FIFO_SRL' <Latency = 0> <II = 1> <Delay = 3.40> <Storage> <Opcode : 'read' 'write' 'nbread' 'nbwrite'> <Ports = 0> <Width = 24> <Depth = 2> <FIFO>
ST_4 : Operation 45 [1/1] (0.00ns)   --->   "%br_ln0 = br void"   --->   Operation 45 'br' 'br_ln0' <Predicate = (icmp_ln82)> <Delay = 0.00>

State 5 <SV = 3> <Delay = 0.00>
ST_5 : Operation 46 [1/1] (0.00ns)   --->   "%br_ln0 = br void %.lr.ph6.i"   --->   Operation 46 'br' 'br_ln0' <Predicate = true> <Delay = 0.00>


============================================================
+ Verbose Summary: Binding
============================================================
STG Binding: 
---------------- STG Properties BEGIN ----------------
- Is combinational: 0
- Is one-state seq: 0
- Is datapath-only: 0
- Is pipelined: 0
- Is top level: 0
Port [ Return ] is wired: 1; IO mode=ap_ctrl_hs:ce=0
Port [ imgInput_499]:  wired=1; compound=1; hidden=0; nouse=0; global=0; static=0; extern=0; dir=1; type=3; pingpong=0; private_global=0; IO mode=ap_fifo:ce=0
Port [ AXI_video_strm_V_data_V]:  wired=1; compound=1; hidden=0; nouse=0; global=0; static=0; extern=0; dir=0; type=0; pingpong=0; private_global=0; IO mode=axis:ce=0
Port [ AXI_video_strm_V_keep_V]:  wired=1; compound=1; hidden=0; nouse=0; global=0; static=0; extern=0; dir=0; type=0; pingpong=0; private_global=0; IO mode=axis:ce=0
Port [ AXI_video_strm_V_strb_V]:  wired=1; compound=1; hidden=0; nouse=0; global=0; static=0; extern=0; dir=0; type=0; pingpong=0; private_global=0; IO mode=axis:ce=0
Port [ AXI_video_strm_V_user_V]:  wired=1; compound=1; hidden=0; nouse=0; global=0; static=0; extern=0; dir=0; type=0; pingpong=0; private_global=0; IO mode=axis:ce=0
Port [ AXI_video_strm_V_last_V]:  wired=1; compound=1; hidden=0; nouse=0; global=0; static=0; extern=0; dir=0; type=0; pingpong=0; private_global=0; IO mode=axis:ce=0
Port [ AXI_video_strm_V_id_V]:  wired=1; compound=1; hidden=0; nouse=0; global=0; static=0; extern=0; dir=0; type=0; pingpong=0; private_global=0; IO mode=axis:ce=0
Port [ AXI_video_strm_V_dest_V]:  wired=1; compound=1; hidden=0; nouse=0; global=0; static=0; extern=0; dir=0; type=0; pingpong=0; private_global=0; IO mode=axis:ce=0
Port [ img_rows]:  wired=1; compound=1; hidden=0; nouse=0; global=0; static=0; extern=0; dir=0; type=3; pingpong=0; private_global=0; IO mode=ap_fifo:ce=0
Port [ img_cols]:  wired=1; compound=1; hidden=0; nouse=0; global=0; static=0; extern=0; dir=0; type=3; pingpong=0; private_global=0; IO mode=ap_fifo:ce=0
Port [ img_rows_out]:  wired=1; compound=1; hidden=0; nouse=0; global=0; static=0; extern=0; dir=1; type=3; pingpong=0; private_global=0; IO mode=ap_fifo:ce=0
Port [ img_cols_out]:  wired=1; compound=1; hidden=0; nouse=0; global=0; static=0; extern=0; dir=1; type=3; pingpong=0; private_global=0; IO mode=ap_fifo:ce=0
---------------- STG Properties END ------------------

---------------- Datapath Model BEGIN ----------------

<LifeTime>
<method=bitvector/>
specinterface_ln0     (specinterface    ) [ 000000]
specinterface_ln0     (specinterface    ) [ 000000]
specinterface_ln0     (specinterface    ) [ 000000]
specinterface_ln0     (specinterface    ) [ 000000]
specinterface_ln0     (specinterface    ) [ 000000]
specinterface_ln0     (specinterface    ) [ 000000]
specinterface_ln0     (specinterface    ) [ 000000]
specinterface_ln0     (specinterface    ) [ 000000]
specinterface_ln0     (specinterface    ) [ 000000]
specinterface_ln0     (specinterface    ) [ 000000]
rows                  (read             ) [ 001111]
cols                  (read             ) [ 001111]
specinterface_ln0     (specinterface    ) [ 000000]
write_ln73            (write            ) [ 000000]
specinterface_ln0     (specinterface    ) [ 000000]
write_ln74            (write            ) [ 000000]
specinterface_ln0     (specinterface    ) [ 000000]
specinterface_ln0     (specinterface    ) [ 000000]
br_ln80               (br               ) [ 011111]
i                     (phi              ) [ 001000]
i_2                   (add              ) [ 011111]
zext_ln80             (zext             ) [ 000000]
icmp_ln80             (icmp             ) [ 001111]
speclooptripcount_ln0 (speclooptripcount) [ 000000]
br_ln80               (br               ) [ 000000]
specloopname_ln80     (specloopname     ) [ 000000]
br_ln82               (br               ) [ 001111]
ret_ln0               (ret              ) [ 000000]
j                     (phi              ) [ 000100]
j_2                   (add              ) [ 001111]
zext_ln82             (zext             ) [ 000000]
icmp_ln82             (icmp             ) [ 001111]
speclooptripcount_ln0 (speclooptripcount) [ 000000]
br_ln82               (br               ) [ 000000]
empty                 (read             ) [ 000000]
axi_data_V            (extractvalue     ) [ 000110]
specpipeline_ln82     (specpipeline     ) [ 000000]
specloopname_ln82     (specloopname     ) [ 000000]
write_ln174           (write            ) [ 000000]
br_ln0                (br               ) [ 001111]
br_ln0                (br               ) [ 011111]
</LifeTime>

<model>

<comp_list>
<comp id="0" class="1000" name="imgInput_499">
<pin_list>
<pin id="1" dir="1" index="0" bw="1" slack="0"/>
</pin_list>
<bind>
<StgValue><ssdm name="imgInput_499"/></StgValue>
</bind>
</comp>

<comp id="2" class="1000" name="AXI_video_strm_V_data_V">
<pin_list>
<pin id="3" dir="1" index="0" bw="1" slack="0"/>
</pin_list>
<bind>
<StgValue><ssdm name="AXI_video_strm_V_data_V"/></StgValue>
</bind>
</comp>

<comp id="4" class="1000" name="AXI_video_strm_V_keep_V">
<pin_list>
<pin id="5" dir="1" index="0" bw="1" slack="0"/>
</pin_list>
<bind>
<StgValue><ssdm name="AXI_video_strm_V_keep_V"/></StgValue>
</bind>
</comp>

<comp id="6" class="1000" name="AXI_video_strm_V_strb_V">
<pin_list>
<pin id="7" dir="1" index="0" bw="1" slack="0"/>
</pin_list>
<bind>
<StgValue><ssdm name="AXI_video_strm_V_strb_V"/></StgValue>
</bind>
</comp>

<comp id="8" class="1000" name="AXI_video_strm_V_user_V">
<pin_list>
<pin id="9" dir="1" index="0" bw="1" slack="0"/>
</pin_list>
<bind>
<StgValue><ssdm name="AXI_video_strm_V_user_V"/></StgValue>
</bind>
</comp>

<comp id="10" class="1000" name="AXI_video_strm_V_last_V">
<pin_list>
<pin id="11" dir="1" index="0" bw="1" slack="0"/>
</pin_list>
<bind>
<StgValue><ssdm name="AXI_video_strm_V_last_V"/></StgValue>
</bind>
</comp>

<comp id="12" class="1000" name="AXI_video_strm_V_id_V">
<pin_list>
<pin id="13" dir="1" index="0" bw="1" slack="0"/>
</pin_list>
<bind>
<StgValue><ssdm name="AXI_video_strm_V_id_V"/></StgValue>
</bind>
</comp>

<comp id="14" class="1000" name="AXI_video_strm_V_dest_V">
<pin_list>
<pin id="15" dir="1" index="0" bw="1" slack="0"/>
</pin_list>
<bind>
<StgValue><ssdm name="AXI_video_strm_V_dest_V"/></StgValue>
</bind>
</comp>

<comp id="16" class="1000" name="img_rows">
<pin_list>
<pin id="17" dir="1" index="0" bw="1" slack="0"/>
</pin_list>
<bind>
<StgValue><ssdm name="img_rows"/></StgValue>
</bind>
</comp>

<comp id="18" class="1000" name="img_cols">
<pin_list>
<pin id="19" dir="1" index="0" bw="1" slack="0"/>
</pin_list>
<bind>
<StgValue><ssdm name="img_cols"/></StgValue>
</bind>
</comp>

<comp id="20" class="1000" name="img_rows_out">
<pin_list>
<pin id="21" dir="1" index="0" bw="1" slack="0"/>
</pin_list>
<bind>
<StgValue><ssdm name="img_rows_out"/></StgValue>
</bind>
</comp>

<comp id="22" class="1000" name="img_cols_out">
<pin_list>
<pin id="23" dir="1" index="0" bw="1" slack="0"/>
</pin_list>
<bind>
<StgValue><ssdm name="img_cols_out"/></StgValue>
</bind>
</comp>

<comp id="24" class="1001" name="const_24">
<pin_list>
<pin id="25" dir="1" index="0" bw="1" slack="2147483647"/>
</pin_list>
<bind>
<StgValue><ssdm name="_ssdm_op_SpecInterface"/></StgValue>
</bind>
</comp>

<comp id="26" class="1001" name="const_26">
<pin_list>
<pin id="27" dir="1" index="0" bw="1" slack="2147483647"/>
</pin_list>
<bind>
<StgValue><ssdm name="empty_25"/></StgValue>
</bind>
</comp>

<comp id="28" class="1001" name="const_28">
<pin_list>
<pin id="29" dir="1" index="0" bw="1" slack="2147483647"/>
</pin_list>
<bind>
<StgValue><ssdm name=""/></StgValue>
</bind>
</comp>

<comp id="30" class="1001" name="const_30">
<pin_list>
<pin id="31" dir="1" index="0" bw="1" slack="2147483647"/>
</pin_list>
<bind>
<StgValue><ssdm name="empty_14"/></StgValue>
</bind>
</comp>

<comp id="32" class="1001" name="const_32">
<pin_list>
<pin id="33" dir="1" index="0" bw="1" slack="2147483647"/>
</pin_list>
<bind>
<StgValue><ssdm name="empty_16"/></StgValue>
</bind>
</comp>

<comp id="34" class="1001" name="const_34">
<pin_list>
<pin id="35" dir="1" index="0" bw="1" slack="2147483647"/>
</pin_list>
<bind>
<StgValue><ssdm name=""/></StgValue>
</bind>
</comp>

<comp id="36" class="1001" name="const_36">
<pin_list>
<pin id="37" dir="1" index="0" bw="1" slack="2147483647"/>
</pin_list>
<bind>
<StgValue><ssdm name="empty_26"/></StgValue>
</bind>
</comp>

<comp id="38" class="1001" name="const_38">
<pin_list>
<pin id="39" dir="1" index="0" bw="1" slack="2147483647"/>
</pin_list>
<bind>
<StgValue><ssdm name="ap_fifo_str"/></StgValue>
</bind>
</comp>

<comp id="40" class="1001" name="const_40">
<pin_list>
<pin id="41" dir="1" index="0" bw="1" slack="2147483647"/>
</pin_list>
<bind>
<StgValue><ssdm name="p_str"/></StgValue>
</bind>
</comp>

<comp id="42" class="1001" name="const_42">
<pin_list>
<pin id="43" dir="1" index="0" bw="1" slack="2147483647"/>
</pin_list>
<bind>
<StgValue><ssdm name=""/></StgValue>
</bind>
</comp>

<comp id="44" class="1001" name="const_44">
<pin_list>
<pin id="45" dir="1" index="0" bw="1" slack="2147483647"/>
</pin_list>
<bind>
<StgValue><ssdm name=""/></StgValue>
</bind>
</comp>

<comp id="46" class="1001" name="const_46">
<pin_list>
<pin id="47" dir="1" index="0" bw="1" slack="2147483647"/>
</pin_list>
<bind>
<StgValue><ssdm name="ScalarProp_str"/></StgValue>
</bind>
</comp>

<comp id="48" class="1001" name="const_48">
<pin_list>
<pin id="49" dir="1" index="0" bw="1" slack="0"/>
</pin_list>
<bind>
<StgValue><ssdm name="_ssdm_op_Read.ap_fifo.i32P0A"/></StgValue>
</bind>
</comp>

<comp id="50" class="1001" name="const_50">
<pin_list>
<pin id="51" dir="1" index="0" bw="1" slack="0"/>
</pin_list>
<bind>
<StgValue><ssdm name="_ssdm_op_Write.ap_fifo.i32P0A"/></StgValue>
</bind>
</comp>

<comp id="52" class="1001" name="const_52">
<pin_list>
<pin id="53" dir="1" index="0" bw="1" slack="1"/>
</pin_list>
<bind>
<StgValue><ssdm name=""/></StgValue>
</bind>
</comp>

<comp id="54" class="1001" name="const_54">
<pin_list>
<pin id="55" dir="1" index="0" bw="1" slack="0"/>
</pin_list>
<bind>
<StgValue><ssdm name=""/></StgValue>
</bind>
</comp>

<comp id="56" class="1001" name="const_56">
<pin_list>
<pin id="57" dir="1" index="0" bw="1" slack="2147483647"/>
</pin_list>
<bind>
<StgValue><ssdm name="_ssdm_op_SpecLoopTripCount"/></StgValue>
</bind>
</comp>

<comp id="58" class="1001" name="const_58">
<pin_list>
<pin id="59" dir="1" index="0" bw="1" slack="2147483647"/>
</pin_list>
<bind>
<StgValue><ssdm name=""/></StgValue>
</bind>
</comp>

<comp id="60" class="1001" name="const_60">
<pin_list>
<pin id="61" dir="1" index="0" bw="1" slack="2147483647"/>
</pin_list>
<bind>
<StgValue><ssdm name=""/></StgValue>
</bind>
</comp>

<comp id="62" class="1001" name="const_62">
<pin_list>
<pin id="63" dir="1" index="0" bw="1" slack="2147483647"/>
</pin_list>
<bind>
<StgValue><ssdm name="_ssdm_op_SpecLoopName"/></StgValue>
</bind>
</comp>

<comp id="64" class="1001" name="const_64">
<pin_list>
<pin id="65" dir="1" index="0" bw="1" slack="2147483647"/>
</pin_list>
<bind>
<StgValue><ssdm name="empty_1"/></StgValue>
</bind>
</comp>

<comp id="66" class="1001" name="const_66">
<pin_list>
<pin id="67" dir="1" index="0" bw="1" slack="2147483647"/>
</pin_list>
<bind>
<StgValue><ssdm name=""/></StgValue>
</bind>
</comp>

<comp id="68" class="1001" name="const_68">
<pin_list>
<pin id="69" dir="1" index="0" bw="1" slack="0"/>
</pin_list>
<bind>
<StgValue><ssdm name="_ssdm_op_Read.axis.volatile.i24P0A.i3P0A.i3P0A.i1P0A.i1P0A.i1P0A.i1P0A"/></StgValue>
</bind>
</comp>

<comp id="70" class="1001" name="const_70">
<pin_list>
<pin id="71" dir="1" index="0" bw="1" slack="2147483647"/>
</pin_list>
<bind>
<StgValue><ssdm name="_ssdm_op_SpecPipeline"/></StgValue>
</bind>
</comp>

<comp id="72" class="1001" name="const_72">
<pin_list>
<pin id="73" dir="1" index="0" bw="1" slack="2147483647"/>
</pin_list>
<bind>
<StgValue><ssdm name="empty_3"/></StgValue>
</bind>
</comp>

<comp id="74" class="1001" name="const_74">
<pin_list>
<pin id="75" dir="1" index="0" bw="1" slack="0"/>
</pin_list>
<bind>
<StgValue><ssdm name="_ssdm_op_Write.ap_fifo.volatile.i24P0A"/></StgValue>
</bind>
</comp>

<comp id="76" class="1004" name="rows_read_fu_76">
<pin_list>
<pin id="77" dir="0" index="0" bw="32" slack="0"/>
<pin id="78" dir="0" index="1" bw="32" slack="0"/>
<pin id="79" dir="1" index="2" bw="32" slack="0"/>
</pin_list>
<bind>
<opcode="read(1150) " fcode="read"/>
<opset="rows/1 "/>
</bind>
</comp>

<comp id="82" class="1004" name="cols_read_fu_82">
<pin_list>
<pin id="83" dir="0" index="0" bw="32" slack="0"/>
<pin id="84" dir="0" index="1" bw="32" slack="0"/>
<pin id="85" dir="1" index="2" bw="32" slack="0"/>
</pin_list>
<bind>
<opcode="read(1150) " fcode="read"/>
<opset="cols/1 "/>
</bind>
</comp>

<comp id="88" class="1004" name="write_ln73_write_fu_88">
<pin_list>
<pin id="89" dir="0" index="0" bw="0" slack="0"/>
<pin id="90" dir="0" index="1" bw="32" slack="0"/>
<pin id="91" dir="0" index="2" bw="32" slack="0"/>
<pin id="92" dir="1" index="3" bw="0" slack="2147483647"/>
</pin_list>
<bind>
<opcode="write(1151) " fcode="write"/>
<opset="write_ln73/1 "/>
</bind>
</comp>

<comp id="96" class="1004" name="write_ln74_write_fu_96">
<pin_list>
<pin id="97" dir="0" index="0" bw="0" slack="0"/>
<pin id="98" dir="0" index="1" bw="32" slack="0"/>
<pin id="99" dir="0" index="2" bw="32" slack="0"/>
<pin id="100" dir="1" index="3" bw="0" slack="2147483647"/>
</pin_list>
<bind>
<opcode="write(1151) " fcode="write"/>
<opset="write_ln74/1 "/>
</bind>
</comp>

<comp id="104" class="1004" name="empty_read_fu_104">
<pin_list>
<pin id="105" dir="0" index="0" bw="34" slack="0"/>
<pin id="106" dir="0" index="1" bw="24" slack="0"/>
<pin id="107" dir="0" index="2" bw="3" slack="0"/>
<pin id="108" dir="0" index="3" bw="3" slack="0"/>
<pin id="109" dir="0" index="4" bw="1" slack="0"/>
<pin id="110" dir="0" index="5" bw="1" slack="0"/>
<pin id="111" dir="0" index="6" bw="1" slack="0"/>
<pin id="112" dir="0" index="7" bw="1" slack="0"/>
<pin id="113" dir="1" index="8" bw="34" slack="0"/>
</pin_list>
<bind>
<opcode="read(1150) " fcode="read"/>
<opset="empty/3 "/>
</bind>
</comp>

<comp id="122" class="1004" name="write_ln174_write_fu_122">
<pin_list>
<pin id="123" dir="0" index="0" bw="0" slack="0"/>
<pin id="124" dir="0" index="1" bw="24" slack="0"/>
<pin id="125" dir="0" index="2" bw="24" slack="1"/>
<pin id="126" dir="1" index="3" bw="0" slack="2147483647"/>
</pin_list>
<bind>
<opcode="write(1151) " fcode="write"/>
<opset="write_ln174/4 "/>
</bind>
</comp>

<comp id="129" class="1005" name="i_reg_129">
<pin_list>
<pin id="130" dir="0" index="0" bw="12" slack="1"/>
<pin id="131" dir="1" index="1" bw="12" slack="1"/>
</pin_list>
<bind>
<opset="i (phireg) "/>
</bind>
</comp>

<comp id="133" class="1004" name="i_phi_fu_133">
<pin_list>
<pin id="134" dir="0" index="0" bw="12" slack="0"/>
<pin id="135" dir="0" index="1" bw="0" slack="2147483647"/>
<pin id="136" dir="0" index="2" bw="1" slack="1"/>
<pin id="137" dir="0" index="3" bw="0" slack="2147483647"/>
<pin id="138" dir="1" index="4" bw="12" slack="0"/>
</pin_list>
<bind>
<opcode="phi(47) " fcode="phi"/>
<opset="i/2 "/>
</bind>
</comp>

<comp id="140" class="1005" name="j_reg_140">
<pin_list>
<pin id="141" dir="0" index="0" bw="12" slack="1"/>
<pin id="142" dir="1" index="1" bw="12" slack="1"/>
</pin_list>
<bind>
<opset="j (phireg) "/>
</bind>
</comp>

<comp id="144" class="1004" name="j_phi_fu_144">
<pin_list>
<pin id="145" dir="0" index="0" bw="1" slack="1"/>
<pin id="146" dir="0" index="1" bw="0" slack="2147483647"/>
<pin id="147" dir="0" index="2" bw="12" slack="0"/>
<pin id="148" dir="0" index="3" bw="0" slack="2147483647"/>
<pin id="149" dir="1" index="4" bw="12" slack="0"/>
</pin_list>
<bind>
<opcode="phi(47) " fcode="phi"/>
<opset="j/3 "/>
</bind>
</comp>

<comp id="151" class="1004" name="i_2_fu_151">
<pin_list>
<pin id="152" dir="0" index="0" bw="12" slack="0"/>
<pin id="153" dir="0" index="1" bw="1" slack="0"/>
<pin id="154" dir="1" index="2" bw="12" slack="0"/>
</pin_list>
<bind>
<opcode="add(8) " fcode="add"/>
<opset="i_2/2 "/>
</bind>
</comp>

<comp id="157" class="1004" name="zext_ln80_fu_157">
<pin_list>
<pin id="158" dir="0" index="0" bw="12" slack="0"/>
<pin id="159" dir="1" index="1" bw="32" slack="0"/>
</pin_list>
<bind>
<opcode="zext(34) " fcode="zext"/>
<opset="zext_ln80/2 "/>
</bind>
</comp>

<comp id="161" class="1004" name="icmp_ln80_fu_161">
<pin_list>
<pin id="162" dir="0" index="0" bw="12" slack="0"/>
<pin id="163" dir="0" index="1" bw="32" slack="1"/>
<pin id="164" dir="1" index="2" bw="1" slack="1"/>
</pin_list>
<bind>
<opcode="icmp(45) " fcode="icmp"/>
<opset="icmp_ln80/2 "/>
</bind>
</comp>

<comp id="166" class="1004" name="j_2_fu_166">
<pin_list>
<pin id="167" dir="0" index="0" bw="12" slack="0"/>
<pin id="168" dir="0" index="1" bw="1" slack="0"/>
<pin id="169" dir="1" index="2" bw="12" slack="0"/>
</pin_list>
<bind>
<opcode="add(8) " fcode="add"/>
<opset="j_2/3 "/>
</bind>
</comp>

<comp id="172" class="1004" name="zext_ln82_fu_172">
<pin_list>
<pin id="173" dir="0" index="0" bw="12" slack="0"/>
<pin id="174" dir="1" index="1" bw="32" slack="0"/>
</pin_list>
<bind>
<opcode="zext(34) " fcode="zext"/>
<opset="zext_ln82/3 "/>
</bind>
</comp>

<comp id="176" class="1004" name="icmp_ln82_fu_176">
<pin_list>
<pin id="177" dir="0" index="0" bw="12" slack="0"/>
<pin id="178" dir="0" index="1" bw="32" slack="2"/>
<pin id="179" dir="1" index="2" bw="1" slack="1"/>
</pin_list>
<bind>
<opcode="icmp(45) " fcode="icmp"/>
<opset="icmp_ln82/3 "/>
</bind>
</comp>

<comp id="181" class="1004" name="axi_data_V_fu_181">
<pin_list>
<pin id="182" dir="0" index="0" bw="34" slack="0"/>
<pin id="183" dir="1" index="1" bw="24" slack="1"/>
</pin_list>
<bind>
<opcode="extractvalue(56) " fcode="extractvalue"/>
<opset="axi_data_V/3 "/>
</bind>
</comp>

<comp id="185" class="1005" name="rows_reg_185">
<pin_list>
<pin id="186" dir="0" index="0" bw="32" slack="1"/>
<pin id="187" dir="1" index="1" bw="32" slack="1"/>
</pin_list>
<bind>
<opset="rows "/>
</bind>
</comp>

<comp id="190" class="1005" name="cols_reg_190">
<pin_list>
<pin id="191" dir="0" index="0" bw="32" slack="2"/>
<pin id="192" dir="1" index="1" bw="32" slack="2"/>
</pin_list>
<bind>
<opset="cols "/>
</bind>
</comp>

<comp id="195" class="1005" name="i_2_reg_195">
<pin_list>
<pin id="196" dir="0" index="0" bw="12" slack="0"/>
<pin id="197" dir="1" index="1" bw="12" slack="0"/>
</pin_list>
<bind>
<opset="i_2 "/>
</bind>
</comp>

<comp id="200" class="1005" name="icmp_ln80_reg_200">
<pin_list>
<pin id="201" dir="0" index="0" bw="1" slack="1"/>
<pin id="202" dir="1" index="1" bw="1" slack="2147483647"/>
</pin_list>
<bind>
<opset="icmp_ln80 "/>
</bind>
</comp>

<comp id="204" class="1005" name="j_2_reg_204">
<pin_list>
<pin id="205" dir="0" index="0" bw="12" slack="0"/>
<pin id="206" dir="1" index="1" bw="12" slack="0"/>
</pin_list>
<bind>
<opset="j_2 "/>
</bind>
</comp>

<comp id="209" class="1005" name="icmp_ln82_reg_209">
<pin_list>
<pin id="210" dir="0" index="0" bw="1" slack="1"/>
<pin id="211" dir="1" index="1" bw="1" slack="2147483647"/>
</pin_list>
<bind>
<opset="icmp_ln82 "/>
</bind>
</comp>

<comp id="213" class="1005" name="axi_data_V_reg_213">
<pin_list>
<pin id="214" dir="0" index="0" bw="24" slack="1"/>
<pin id="215" dir="1" index="1" bw="24" slack="1"/>
</pin_list>
<bind>
<opset="axi_data_V "/>
</bind>
</comp>

</comp_list>

<net_list>
<net id="80"><net_src comp="48" pin="0"/><net_sink comp="76" pin=0"/></net>

<net id="81"><net_src comp="16" pin="0"/><net_sink comp="76" pin=1"/></net>

<net id="86"><net_src comp="48" pin="0"/><net_sink comp="82" pin=0"/></net>

<net id="87"><net_src comp="18" pin="0"/><net_sink comp="82" pin=1"/></net>

<net id="93"><net_src comp="50" pin="0"/><net_sink comp="88" pin=0"/></net>

<net id="94"><net_src comp="20" pin="0"/><net_sink comp="88" pin=1"/></net>

<net id="95"><net_src comp="76" pin="2"/><net_sink comp="88" pin=2"/></net>

<net id="101"><net_src comp="50" pin="0"/><net_sink comp="96" pin=0"/></net>

<net id="102"><net_src comp="22" pin="0"/><net_sink comp="96" pin=1"/></net>

<net id="103"><net_src comp="82" pin="2"/><net_sink comp="96" pin=2"/></net>

<net id="114"><net_src comp="68" pin="0"/><net_sink comp="104" pin=0"/></net>

<net id="115"><net_src comp="2" pin="0"/><net_sink comp="104" pin=1"/></net>

<net id="116"><net_src comp="4" pin="0"/><net_sink comp="104" pin=2"/></net>

<net id="117"><net_src comp="6" pin="0"/><net_sink comp="104" pin=3"/></net>

<net id="118"><net_src comp="8" pin="0"/><net_sink comp="104" pin=4"/></net>

<net id="119"><net_src comp="10" pin="0"/><net_sink comp="104" pin=5"/></net>

<net id="120"><net_src comp="12" pin="0"/><net_sink comp="104" pin=6"/></net>

<net id="121"><net_src comp="14" pin="0"/><net_sink comp="104" pin=7"/></net>

<net id="127"><net_src comp="74" pin="0"/><net_sink comp="122" pin=0"/></net>

<net id="128"><net_src comp="0" pin="0"/><net_sink comp="122" pin=1"/></net>

<net id="132"><net_src comp="52" pin="0"/><net_sink comp="129" pin=0"/></net>

<net id="139"><net_src comp="129" pin="1"/><net_sink comp="133" pin=2"/></net>

<net id="143"><net_src comp="52" pin="0"/><net_sink comp="140" pin=0"/></net>

<net id="150"><net_src comp="140" pin="1"/><net_sink comp="144" pin=0"/></net>

<net id="155"><net_src comp="133" pin="4"/><net_sink comp="151" pin=0"/></net>

<net id="156"><net_src comp="54" pin="0"/><net_sink comp="151" pin=1"/></net>

<net id="160"><net_src comp="133" pin="4"/><net_sink comp="157" pin=0"/></net>

<net id="165"><net_src comp="157" pin="1"/><net_sink comp="161" pin=0"/></net>

<net id="170"><net_src comp="144" pin="4"/><net_sink comp="166" pin=0"/></net>

<net id="171"><net_src comp="54" pin="0"/><net_sink comp="166" pin=1"/></net>

<net id="175"><net_src comp="144" pin="4"/><net_sink comp="172" pin=0"/></net>

<net id="180"><net_src comp="172" pin="1"/><net_sink comp="176" pin=0"/></net>

<net id="184"><net_src comp="104" pin="8"/><net_sink comp="181" pin=0"/></net>

<net id="188"><net_src comp="76" pin="2"/><net_sink comp="185" pin=0"/></net>

<net id="189"><net_src comp="185" pin="1"/><net_sink comp="161" pin=1"/></net>

<net id="193"><net_src comp="82" pin="2"/><net_sink comp="190" pin=0"/></net>

<net id="194"><net_src comp="190" pin="1"/><net_sink comp="176" pin=1"/></net>

<net id="198"><net_src comp="151" pin="2"/><net_sink comp="195" pin=0"/></net>

<net id="199"><net_src comp="195" pin="1"/><net_sink comp="133" pin=0"/></net>

<net id="203"><net_src comp="161" pin="2"/><net_sink comp="200" pin=0"/></net>

<net id="207"><net_src comp="166" pin="2"/><net_sink comp="204" pin=0"/></net>

<net id="208"><net_src comp="204" pin="1"/><net_sink comp="144" pin=2"/></net>

<net id="212"><net_src comp="176" pin="2"/><net_sink comp="209" pin=0"/></net>

<net id="216"><net_src comp="181" pin="1"/><net_sink comp="213" pin=0"/></net>

<net id="217"><net_src comp="213" pin="1"/><net_sink comp="122" pin=2"/></net>

</net_list>

</model> 
---------------- Datapath Model END ------------------

* FSMD analyzer results:
  - Output states:
	Port: imgInput_499 | {4 }
	Port: img_rows_out | {1 }
	Port: img_cols_out | {1 }
 - Input state : 
	Port: axis2xfMat<24, 9, 2160, 3840, 1> : AXI_video_strm_V_data_V | {3 }
	Port: axis2xfMat<24, 9, 2160, 3840, 1> : AXI_video_strm_V_keep_V | {3 }
	Port: axis2xfMat<24, 9, 2160, 3840, 1> : AXI_video_strm_V_strb_V | {3 }
	Port: axis2xfMat<24, 9, 2160, 3840, 1> : AXI_video_strm_V_user_V | {3 }
	Port: axis2xfMat<24, 9, 2160, 3840, 1> : AXI_video_strm_V_last_V | {3 }
	Port: axis2xfMat<24, 9, 2160, 3840, 1> : AXI_video_strm_V_id_V | {3 }
	Port: axis2xfMat<24, 9, 2160, 3840, 1> : AXI_video_strm_V_dest_V | {3 }
	Port: axis2xfMat<24, 9, 2160, 3840, 1> : img_rows | {1 }
	Port: axis2xfMat<24, 9, 2160, 3840, 1> : img_cols | {1 }
  - Chain level:
	State 1
	State 2
		i_2 : 1
		zext_ln80 : 1
		icmp_ln80 : 2
		br_ln80 : 3
	State 3
		j_2 : 1
		zext_ln82 : 1
		icmp_ln82 : 2
		br_ln82 : 3
	State 4
	State 5


============================================================
+ Verbose Summary: Datapath Resource usage 
============================================================

* Functional unit list:
|----------|--------------------------|---------|---------|
| Operation|      Functional Unit     |    FF   |   LUT   |
|----------|--------------------------|---------|---------|
|    add   |        i_2_fu_151        |    0    |    12   |
|          |        j_2_fu_166        |    0    |    12   |
|----------|--------------------------|---------|---------|
|   icmp   |     icmp_ln80_fu_161     |    0    |    12   |
|          |     icmp_ln82_fu_176     |    0    |    12   |
|----------|--------------------------|---------|---------|
|          |      rows_read_fu_76     |    0    |    0    |
|   read   |      cols_read_fu_82     |    0    |    0    |
|          |     empty_read_fu_104    |    0    |    0    |
|----------|--------------------------|---------|---------|
|          |  write_ln73_write_fu_88  |    0    |    0    |
|   write  |  write_ln74_write_fu_96  |    0    |    0    |
|          | write_ln174_write_fu_122 |    0    |    0    |
|----------|--------------------------|---------|---------|
|   zext   |     zext_ln80_fu_157     |    0    |    0    |
|          |     zext_ln82_fu_172     |    0    |    0    |
|----------|--------------------------|---------|---------|
|extractvalue|     axi_data_V_fu_181    |    0    |    0    |
|----------|--------------------------|---------|---------|
|   Total  |                          |    0    |    48   |
|----------|--------------------------|---------|---------|

Memories:
N/A

* Register list:
+------------------+--------+
|                  |   FF   |
+------------------+--------+
|axi_data_V_reg_213|   24   |
|   cols_reg_190   |   32   |
|    i_2_reg_195   |   12   |
|     i_reg_129    |   12   |
| icmp_ln80_reg_200|    1   |
| icmp_ln82_reg_209|    1   |
|    j_2_reg_204   |   12   |
|     j_reg_140    |   12   |
|   rows_reg_185   |   32   |
+------------------+--------+
|       Total      |   138  |
+------------------+--------+

* Multiplexer (MUX) list: 
|--------|------|------|------|--------|
|  Comp  |  Pin | Size |  BW  | S x BW |
|--------|------|------|------|--------|
|  Total |      |      |      |    0   |
|--------|------|------|------|--------|



* Summary:
+-----------+--------+--------+
|           |   FF   |   LUT  |
+-----------+--------+--------+
|  Function |    0   |   48   |
|   Memory  |    -   |    -   |
|Multiplexer|    -   |    -   |
|  Register |   138  |    -   |
+-----------+--------+--------+
|   Total   |   138  |   48   |
+-----------+--------+--------+
