

================================================================
== Vitis HLS Report for 'colorthresholding_9_0_3_2160_3840_1_Block_colorthresholding_9_0_3_2160_3840_1_exit_proc'
================================================================
* Date:           Tue Mar 29 20:35:18 2022

* Version:        2020.2.2 (Build 3118627 on Tue Feb  9 05:13:49 MST 2021)
* Project:        colordetect
* Solution:       colordetect (Vivado IP Flow Target)
* Product family: zynq
* Target device:  xc7z020-clg484-2


================================================================
== Performance Estimates
================================================================
+ Timing: 
    * Summary: 
    +--------+----------+----------+------------+
    |  Clock |  Target  | Estimated| Uncertainty|
    +--------+----------+----------+------------+
    |ap_clk  |  10.00 ns|  3.401 ns|     2.70 ns|
    +--------+----------+----------+------------+

+ Latency: 
    * Summary: 
    +---------+---------+----------+----------+-----+-----+---------+
    |  Latency (cycles) |  Latency (absolute) |  Interval | Pipeline|
    |   min   |   max   |    min   |    max   | min | max |   Type  |
    +---------+---------+----------+----------+-----+-----+---------+
    |        0|        0|      0 ns|      0 ns|    0|    0|     none|
    +---------+---------+----------+----------+-----+-----+---------+

    + Detail: 
        * Instance: 
        N/A

        * Loop: 
        N/A

============================================================
+ Verbose Summary: Synthesis Manager
============================================================
InlineROM: 1
ExposeGlobal: 0
============================================================
+ Verbose Summary: CDFG Model
============================================================
IsTopModel: 0
ResetActiveHigh: 1
IsCombinational: 2
IsDatapathOnly: 0
HasWiredReturn: 1
HasMFsm: 0
HasVarLatency: 0
IsPipeline: 0
IsRtlPipelined: 0
IsInstanceOverlapped: 0
IsDontTouch: 0
HasImplIP: 0
IsGatedGlobalClock: 0


============================================================
+ Verbose Summary: Schedule
============================================================
* Number of FSM states : 1
* Pipeline : 0
* Dataflow Pipeline: 0

* FSM state transitions: 
1 --> 

* FSM state operations: 

State 1 <SV = 0> <Delay = 3.40>
ST_1 : Operation 2 [1/1] (0.00ns)   --->   "%specinterface_ln0 = specinterface void @_ssdm_op_SpecInterface, i16 %p_src_mat_rows, void @ap_fifo_str, i32 0, i32 0, void @p_str, i32 0, i32 0, void @p_str, void @p_str, void @p_str, i32 2, i32 2, i32 16, i32 16, void @p_str, void @ScalarProp_str"   --->   Operation 2 'specinterface' 'specinterface_ln0' <Predicate = true> <Delay = 0.00>
ST_1 : Operation 3 [1/1] (0.00ns)   --->   "%specinterface_ln0 = specinterface void @_ssdm_op_SpecInterface, i16 %p_src_mat_cols, void @ap_fifo_str, i32 0, i32 0, void @p_str, i32 0, i32 0, void @p_str, void @p_str, void @p_str, i32 2, i32 2, i32 16, i32 16, void @p_str, void @ScalarProp_str"   --->   Operation 3 'specinterface' 'specinterface_ln0' <Predicate = true> <Delay = 0.00>
ST_1 : Operation 4 [1/1] (3.40ns)   --->   "%img_height = read i16 @_ssdm_op_Read.ap_fifo.i16P0A, i16 %p_src_mat_rows" [/home/willychiang/Desktop/PYNQ-HelloWorld/boards/ip/vitis_lib/vision/L1/include/imgproc/xf_colorthresholding.hpp:152]   --->   Operation 4 'read' 'img_height' <Predicate = true> <Delay = 3.40> <CoreInst = "FIFO_SRL">   --->   Core 81 'FIFO_SRL' <Latency = 0> <II = 1> <Delay = 3.40> <Storage> <Opcode : 'read' 'write' 'nbread' 'nbwrite'> <Ports = 0> <Width = 16> <Depth = 2> <FIFO>
ST_1 : Operation 5 [1/1] (3.40ns)   --->   "%img_width = read i16 @_ssdm_op_Read.ap_fifo.i16P0A, i16 %p_src_mat_cols" [/home/willychiang/Desktop/PYNQ-HelloWorld/boards/ip/vitis_lib/vision/L1/include/imgproc/xf_colorthresholding.hpp:153]   --->   Operation 5 'read' 'img_width' <Predicate = true> <Delay = 3.40> <CoreInst = "FIFO_SRL">   --->   Core 81 'FIFO_SRL' <Latency = 0> <II = 1> <Delay = 3.40> <Storage> <Opcode : 'read' 'write' 'nbread' 'nbwrite'> <Ports = 0> <Width = 16> <Depth = 2> <FIFO>
ST_1 : Operation 6 [1/1] (0.00ns)   --->   "%mrv = insertvalue i32 <undef>, i16 %img_height" [/home/willychiang/Desktop/PYNQ-HelloWorld/boards/ip/vitis_lib/vision/L1/include/imgproc/xf_colorthresholding.hpp:152]   --->   Operation 6 'insertvalue' 'mrv' <Predicate = true> <Delay = 0.00>
ST_1 : Operation 7 [1/1] (0.00ns)   --->   "%mrv_1 = insertvalue i32 %mrv, i16 %img_width" [/home/willychiang/Desktop/PYNQ-HelloWorld/boards/ip/vitis_lib/vision/L1/include/imgproc/xf_colorthresholding.hpp:152]   --->   Operation 7 'insertvalue' 'mrv_1' <Predicate = true> <Delay = 0.00>
ST_1 : Operation 8 [1/1] (0.00ns)   --->   "%ret_ln152 = ret i32 %mrv_1" [/home/willychiang/Desktop/PYNQ-HelloWorld/boards/ip/vitis_lib/vision/L1/include/imgproc/xf_colorthresholding.hpp:152]   --->   Operation 8 'ret' 'ret_ln152' <Predicate = true> <Delay = 0.00>


============================================================
+ Verbose Summary: Timing violations
============================================================
Target clock period: 10ns, clock uncertainty: 2.7ns.

 <State 1>: 3.4ns
The critical path consists of the following:
	fifo read on port 'p_src_mat_rows' (/home/willychiang/Desktop/PYNQ-HelloWorld/boards/ip/vitis_lib/vision/L1/include/imgproc/xf_colorthresholding.hpp:152) [5]  (3.4 ns)


============================================================
+ Verbose Summary: Binding
============================================================
N/A
* FSMD analyzer results:
  - Output states:
 - Input state : 
  - Chain level:
	State 1


============================================================
+ Verbose Summary: Datapath Resource usage 
============================================================
N/A
