

================================================================
== Vitis HLS Report for 'xfMat2axis_24_0_2160_3840_1_s'
================================================================
* Date:           Tue Mar 29 20:35:21 2022

* Version:        2020.2.2 (Build 3118627 on Tue Feb  9 05:13:49 MST 2021)
* Project:        colordetect
* Solution:       colordetect (Vivado IP Flow Target)
* Product family: zynq
* Target device:  xc7z020-clg484-2


================================================================
== Performance Estimates
================================================================
+ Timing: 
    * Summary: 
    +--------+----------+----------+------------+
    |  Clock |  Target  | Estimated| Uncertainty|
    +--------+----------+----------+------------+
    |ap_clk  |  10.00 ns|  5.157 ns|     2.70 ns|
    +--------+----------+----------+------------+

+ Latency: 
    * Summary: 
    +---------+---------+-----------+-----------+-----+---------+---------+
    |  Latency (cycles) |   Latency (absolute)  |    Interval   | Pipeline|
    |   min   |   max   |    min    |    max    | min |   max   |   Type  |
    +---------+---------+-----------+-----------+-----+---------+---------+
    |        1|  8303041|  10.000 ns|  83.030 ms|    1|  8303041|     none|
    +---------+---------+-----------+-----------+-----+---------+---------+

    + Detail: 
        * Instance: 
        N/A

        * Loop: 
        +---------------------+---------+---------+----------+-----------+-----------+----------+----------+
        |                     |  Latency (cycles) | Iteration|  Initiation Interval  |   Trip   |          |
        |      Loop Name      |   min   |   max   |  Latency |  achieved |   target  |   Count  | Pipelined|
        +---------------------+---------+---------+----------+-----------+-----------+----------+----------+
        |- loop_row_mat2axi   |        0|  8303040|  3 ~ 3844|          -|          -|  0 ~ 2160|        no|
        | + loop_col_mat2axi  |        0|     3841|         3|          1|          1|  0 ~ 3840|       yes|
        +---------------------+---------+---------+----------+-----------+-----------+----------+----------+

============================================================
+ Verbose Summary: Synthesis Manager
============================================================
InlineROM: 1
ExposeGlobal: 0
============================================================
+ Verbose Summary: CDFG Model
============================================================
IsTopModel: 0
ResetActiveHigh: 1
IsCombinational: 2
IsDatapathOnly: 0
HasWiredReturn: 1
HasMFsm: 0
HasVarLatency: 1
IsPipeline: 0
IsRtlPipelined: 0
IsInstanceOverlapped: 0
IsDontTouch: 0
HasImplIP: 0
IsGatedGlobalClock: 0

+ Individual pipeline summary: 
  * Pipeline-0: initiation interval (II) = 1, depth = 3


============================================================
+ Verbose Summary: Schedule
============================================================
* Number of FSM states : 6
* Pipeline : 1
  Pipeline-0 : II = 1, D = 3, States = { 3 4 5 }
* Dataflow Pipeline: 0

* FSM state transitions: 
1 --> 2 
2 --> 3 
3 --> 6 4 
4 --> 5 
5 --> 3 
6 --> 2 

* FSM state operations: 

State 1 <SV = 0> <Delay = 5.15>
ST_1 : Operation 7 [1/1] (0.00ns)   --->   "%specinterface_ln0 = specinterface void @_ssdm_op_SpecInterface, i8 %imgOutput_4105, void @empty_25, i32 0, i32 0, void @empty_14, i32 0, i32 0, void @empty_14, void @empty_14, void @empty_14, i32 0, i32 0, i32 0, i32 0, void @empty_14, void @empty_14"   --->   Operation 7 'specinterface' 'specinterface_ln0' <Predicate = true> <Delay = 0.00>
ST_1 : Operation 8 [1/1] (0.00ns)   --->   "%specinterface_ln0 = specinterface void @_ssdm_op_SpecInterface, i1 %dst_V_dest_V, i1 %dst_V_id_V, i1 %dst_V_last_V, i1 %dst_V_user_V, i3 %dst_V_strb_V, i3 %dst_V_keep_V, i24 %dst_V_data_V, void @empty_16, i32 1, i32 1, void @empty_26, i32 0, i32 0, void @empty_14, void @empty_14, void @empty_14, i32 0, i32 0, i32 0, i32 0, void @empty_14, void @empty_14"   --->   Operation 8 'specinterface' 'specinterface_ln0' <Predicate = true> <Delay = 0.00>
ST_1 : Operation 9 [1/1] (0.00ns)   --->   "%specinterface_ln0 = specinterface void @_ssdm_op_SpecInterface, i1 %dst_V_dest_V, i1 %dst_V_id_V, i1 %dst_V_last_V, i1 %dst_V_user_V, i3 %dst_V_strb_V, i3 %dst_V_keep_V, i24 %dst_V_data_V, void @empty_16, i32 1, i32 1, void @empty_26, i32 0, i32 0, void @empty_14, void @empty_14, void @empty_14, i32 0, i32 0, i32 0, i32 0, void @empty_14, void @empty_14"   --->   Operation 9 'specinterface' 'specinterface_ln0' <Predicate = true> <Delay = 0.00>
ST_1 : Operation 10 [1/1] (0.00ns)   --->   "%specinterface_ln0 = specinterface void @_ssdm_op_SpecInterface, i1 %dst_V_dest_V, i1 %dst_V_id_V, i1 %dst_V_last_V, i1 %dst_V_user_V, i3 %dst_V_strb_V, i3 %dst_V_keep_V, i24 %dst_V_data_V, void @empty_16, i32 1, i32 1, void @empty_26, i32 0, i32 0, void @empty_14, void @empty_14, void @empty_14, i32 0, i32 0, i32 0, i32 0, void @empty_14, void @empty_14"   --->   Operation 10 'specinterface' 'specinterface_ln0' <Predicate = true> <Delay = 0.00>
ST_1 : Operation 11 [1/1] (0.00ns)   --->   "%specinterface_ln0 = specinterface void @_ssdm_op_SpecInterface, i1 %dst_V_dest_V, i1 %dst_V_id_V, i1 %dst_V_last_V, i1 %dst_V_user_V, i3 %dst_V_strb_V, i3 %dst_V_keep_V, i24 %dst_V_data_V, void @empty_16, i32 1, i32 1, void @empty_26, i32 0, i32 0, void @empty_14, void @empty_14, void @empty_14, i32 0, i32 0, i32 0, i32 0, void @empty_14, void @empty_14"   --->   Operation 11 'specinterface' 'specinterface_ln0' <Predicate = true> <Delay = 0.00>
ST_1 : Operation 12 [1/1] (0.00ns)   --->   "%specinterface_ln0 = specinterface void @_ssdm_op_SpecInterface, i1 %dst_V_dest_V, i1 %dst_V_id_V, i1 %dst_V_last_V, i1 %dst_V_user_V, i3 %dst_V_strb_V, i3 %dst_V_keep_V, i24 %dst_V_data_V, void @empty_16, i32 1, i32 1, void @empty_26, i32 0, i32 0, void @empty_14, void @empty_14, void @empty_14, i32 0, i32 0, i32 0, i32 0, void @empty_14, void @empty_14"   --->   Operation 12 'specinterface' 'specinterface_ln0' <Predicate = true> <Delay = 0.00>
ST_1 : Operation 13 [1/1] (0.00ns)   --->   "%specinterface_ln0 = specinterface void @_ssdm_op_SpecInterface, i1 %dst_V_dest_V, i1 %dst_V_id_V, i1 %dst_V_last_V, i1 %dst_V_user_V, i3 %dst_V_strb_V, i3 %dst_V_keep_V, i24 %dst_V_data_V, void @empty_16, i32 1, i32 1, void @empty_26, i32 0, i32 0, void @empty_14, void @empty_14, void @empty_14, i32 0, i32 0, i32 0, i32 0, void @empty_14, void @empty_14"   --->   Operation 13 'specinterface' 'specinterface_ln0' <Predicate = true> <Delay = 0.00>
ST_1 : Operation 14 [1/1] (0.00ns)   --->   "%specinterface_ln0 = specinterface void @_ssdm_op_SpecInterface, i1 %dst_V_dest_V, i1 %dst_V_id_V, i1 %dst_V_last_V, i1 %dst_V_user_V, i3 %dst_V_strb_V, i3 %dst_V_keep_V, i24 %dst_V_data_V, void @empty_16, i32 1, i32 1, void @empty_26, i32 0, i32 0, void @empty_14, void @empty_14, void @empty_14, i32 0, i32 0, i32 0, i32 0, void @empty_14, void @empty_14"   --->   Operation 14 'specinterface' 'specinterface_ln0' <Predicate = true> <Delay = 0.00>
ST_1 : Operation 15 [1/1] (0.00ns)   --->   "%specinterface_ln0 = specinterface void @_ssdm_op_SpecInterface, i32 %img_rows, void @ap_fifo_str, i32 0, i32 0, void @p_str, i32 0, i32 0, void @p_str, void @p_str, void @p_str, i32 2, i32 2, i32 16, i32 16, void @p_str, void @ScalarProp_str"   --->   Operation 15 'specinterface' 'specinterface_ln0' <Predicate = true> <Delay = 0.00>
ST_1 : Operation 16 [1/1] (0.00ns)   --->   "%specinterface_ln0 = specinterface void @_ssdm_op_SpecInterface, i32 %img_cols, void @ap_fifo_str, i32 0, i32 0, void @p_str, i32 0, i32 0, void @p_str, void @p_str, void @p_str, i32 2, i32 2, i32 16, i32 16, void @p_str, void @ScalarProp_str"   --->   Operation 16 'specinterface' 'specinterface_ln0' <Predicate = true> <Delay = 0.00>
ST_1 : Operation 17 [1/1] (0.00ns)   --->   "%specinterface_ln0 = specinterface void @_ssdm_op_SpecInterface, i8 %imgOutput_4105, void @empty_25, i32 0, i32 0, void @empty_14, i32 0, i32 0, void @empty_14, void @empty_14, void @empty_14, i32 0, i32 0, i32 0, i32 0, void @empty_14, void @empty_14"   --->   Operation 17 'specinterface' 'specinterface_ln0' <Predicate = true> <Delay = 0.00>
ST_1 : Operation 18 [1/1] (0.00ns)   --->   "%specinterface_ln0 = specinterface void @_ssdm_op_SpecInterface, i1 %dst_V_dest_V, i1 %dst_V_id_V, i1 %dst_V_last_V, i1 %dst_V_user_V, i3 %dst_V_strb_V, i3 %dst_V_keep_V, i24 %dst_V_data_V, void @empty_16, i32 1, i32 1, void @empty_26, i32 0, i32 0, void @empty_14, void @empty_14, void @empty_14, i32 0, i32 0, i32 0, i32 0, void @empty_14, void @empty_14"   --->   Operation 18 'specinterface' 'specinterface_ln0' <Predicate = true> <Delay = 0.00>
ST_1 : Operation 19 [1/1] (3.26ns)   --->   "%rows = read i32 @_ssdm_op_Read.ap_fifo.i32P0A, i32 %img_rows" [src/xf_colordetect_accel_stream.cpp:96]   --->   Operation 19 'read' 'rows' <Predicate = true> <Delay = 3.26> <CoreInst = "FIFO_SRL">   --->   Core 81 'FIFO_SRL' <Latency = 0> <II = 1> <Delay = 3.26> <Storage> <Opcode : 'read' 'write' 'nbread' 'nbwrite'> <Ports = 0> <Width = 32> <Depth = 9> <FIFO>
ST_1 : Operation 20 [1/1] (3.26ns)   --->   "%cols = read i32 @_ssdm_op_Read.ap_fifo.i32P0A, i32 %img_cols" [src/xf_colordetect_accel_stream.cpp:97]   --->   Operation 20 'read' 'cols' <Predicate = true> <Delay = 3.26> <CoreInst = "FIFO_SRL">   --->   Core 81 'FIFO_SRL' <Latency = 0> <II = 1> <Delay = 3.26> <Storage> <Opcode : 'read' 'write' 'nbread' 'nbwrite'> <Ports = 0> <Width = 32> <Depth = 9> <FIFO>
ST_1 : Operation 21 [1/1] (1.89ns)   --->   "%sub_i = add i32 %cols, i32 4294967295" [src/xf_colordetect_accel_stream.cpp:97]   --->   Operation 21 'add' 'sub_i' <Predicate = true> <Delay = 1.89> <CoreInst = "Adder">   --->   Core 1 'Adder' <Latency = 0> <II = 1> <Delay = 1.54> <FuncUnit> <Opcode : 'add' 'sub'> <InPorts = 2> <OutPorts = 1>
ST_1 : Operation 22 [1/1] (1.89ns)   --->   "%sub9_i = add i32 %rows, i32 4294967295" [src/xf_colordetect_accel_stream.cpp:96]   --->   Operation 22 'add' 'sub9_i' <Predicate = true> <Delay = 1.89> <CoreInst = "Adder">   --->   Core 1 'Adder' <Latency = 0> <II = 1> <Delay = 1.54> <FuncUnit> <Opcode : 'add' 'sub'> <InPorts = 2> <OutPorts = 1>
ST_1 : Operation 23 [1/1] (1.29ns)   --->   "%br_ln105 = br void %.lr.ph6.i" [src/xf_colordetect_accel_stream.cpp:105]   --->   Operation 23 'br' 'br_ln105' <Predicate = true> <Delay = 1.29>

State 2 <SV = 1> <Delay = 1.96>
ST_2 : Operation 24 [1/1] (0.00ns)   --->   "%i = phi i12 %i_1, void %._crit_edge.loopexit.i, i12 0, void %entry"   --->   Operation 24 'phi' 'i' <Predicate = true> <Delay = 0.00>
ST_2 : Operation 25 [1/1] (1.54ns)   --->   "%i_1 = add i12 %i, i12 1" [src/xf_colordetect_accel_stream.cpp:105]   --->   Operation 25 'add' 'i_1' <Predicate = true> <Delay = 1.54> <CoreInst = "Adder">   --->   Core 1 'Adder' <Latency = 0> <II = 1> <Delay = 1.54> <FuncUnit> <Opcode : 'add' 'sub'> <InPorts = 2> <OutPorts = 1>
ST_2 : Operation 26 [1/1] (0.00ns)   --->   "%zext_ln105 = zext i12 %i" [src/xf_colordetect_accel_stream.cpp:105]   --->   Operation 26 'zext' 'zext_ln105' <Predicate = true> <Delay = 0.00>
ST_2 : Operation 27 [1/1] (1.96ns)   --->   "%icmp_ln105 = icmp_slt  i32 %zext_ln105, i32 %rows" [src/xf_colordetect_accel_stream.cpp:105]   --->   Operation 27 'icmp' 'icmp_ln105' <Predicate = true> <Delay = 1.96> <CoreInst = "Cmp">   --->   Core 9 'Cmp' <Latency = 0> <II = 1> <Delay = 1.96> <FuncUnit> <Opcode : 'icmp'> <InPorts = 2> <OutPorts = 1>
ST_2 : Operation 28 [1/1] (0.00ns)   --->   "%speclooptripcount_ln0 = speclooptripcount void @_ssdm_op_SpecLoopTripCount, i64 0, i64 2160, i64 0"   --->   Operation 28 'speclooptripcount' 'speclooptripcount_ln0' <Predicate = true> <Delay = 0.00>
ST_2 : Operation 29 [1/1] (0.00ns)   --->   "%br_ln105 = br i1 %icmp_ln105, void %.exit, void %.split2.i" [src/xf_colordetect_accel_stream.cpp:105]   --->   Operation 29 'br' 'br_ln105' <Predicate = true> <Delay = 0.00>
ST_2 : Operation 30 [1/1] (0.00ns)   --->   "%specloopname_ln105 = specloopname void @_ssdm_op_SpecLoopName, void @empty_11" [src/xf_colordetect_accel_stream.cpp:105]   --->   Operation 30 'specloopname' 'specloopname_ln105' <Predicate = (icmp_ln105)> <Delay = 0.00>
ST_2 : Operation 31 [1/1] (1.96ns)   --->   "%icmp_ln112 = icmp_eq  i32 %zext_ln105, i32 %sub9_i" [src/xf_colordetect_accel_stream.cpp:112]   --->   Operation 31 'icmp' 'icmp_ln112' <Predicate = (icmp_ln105)> <Delay = 1.96> <CoreInst = "Cmp">   --->   Core 9 'Cmp' <Latency = 0> <II = 1> <Delay = 1.96> <FuncUnit> <Opcode : 'icmp'> <InPorts = 2> <OutPorts = 1>
ST_2 : Operation 32 [1/1] (1.29ns)   --->   "%br_ln107 = br void" [src/xf_colordetect_accel_stream.cpp:107]   --->   Operation 32 'br' 'br_ln107' <Predicate = (icmp_ln105)> <Delay = 1.29>
ST_2 : Operation 33 [1/1] (0.00ns)   --->   "%ret_ln0 = ret"   --->   Operation 33 'ret' 'ret_ln0' <Predicate = (!icmp_ln105)> <Delay = 0.00>

State 3 <SV = 2> <Delay = 2.76>
ST_3 : Operation 34 [1/1] (0.00ns)   --->   "%j = phi i12 0, void %.split2.i, i12 %j_1, void %.split.i"   --->   Operation 34 'phi' 'j' <Predicate = true> <Delay = 0.00>
ST_3 : Operation 35 [1/1] (1.54ns)   --->   "%j_1 = add i12 %j, i12 1" [src/xf_colordetect_accel_stream.cpp:107]   --->   Operation 35 'add' 'j_1' <Predicate = true> <Delay = 1.54> <CoreInst = "Adder">   --->   Core 1 'Adder' <Latency = 0> <II = 1> <Delay = 1.54> <FuncUnit> <Opcode : 'add' 'sub'> <InPorts = 2> <OutPorts = 1>
ST_3 : Operation 36 [1/1] (0.00ns)   --->   "%zext_ln107 = zext i12 %j" [src/xf_colordetect_accel_stream.cpp:107]   --->   Operation 36 'zext' 'zext_ln107' <Predicate = true> <Delay = 0.00>
ST_3 : Operation 37 [1/1] (1.96ns)   --->   "%icmp_ln107 = icmp_slt  i32 %zext_ln107, i32 %cols" [src/xf_colordetect_accel_stream.cpp:107]   --->   Operation 37 'icmp' 'icmp_ln107' <Predicate = true> <Delay = 1.96> <CoreInst = "Cmp">   --->   Core 9 'Cmp' <Latency = 0> <II = 1> <Delay = 1.96> <FuncUnit> <Opcode : 'icmp'> <InPorts = 2> <OutPorts = 1>
ST_3 : Operation 38 [1/1] (0.00ns)   --->   "%speclooptripcount_ln0 = speclooptripcount void @_ssdm_op_SpecLoopTripCount, i64 0, i64 3840, i64 0"   --->   Operation 38 'speclooptripcount' 'speclooptripcount_ln0' <Predicate = true> <Delay = 0.00>
ST_3 : Operation 39 [1/1] (0.00ns)   --->   "%br_ln107 = br i1 %icmp_ln107, void %._crit_edge.loopexit.i, void %.split.i" [src/xf_colordetect_accel_stream.cpp:107]   --->   Operation 39 'br' 'br_ln107' <Predicate = true> <Delay = 0.00>
ST_3 : Operation 40 [1/1] (1.96ns)   --->   "%icmp_ln112_1 = icmp_eq  i32 %zext_ln107, i32 %sub_i" [src/xf_colordetect_accel_stream.cpp:112]   --->   Operation 40 'icmp' 'icmp_ln112_1' <Predicate = (icmp_ln107)> <Delay = 1.96> <CoreInst = "Cmp">   --->   Core 9 'Cmp' <Latency = 0> <II = 1> <Delay = 1.96> <FuncUnit> <Opcode : 'icmp'> <InPorts = 2> <OutPorts = 1>
ST_3 : Operation 41 [1/1] (0.80ns)   --->   "%axi_last_V = and i1 %icmp_ln112, i1 %icmp_ln112_1" [src/xf_colordetect_accel_stream.cpp:112]   --->   Operation 41 'and' 'axi_last_V' <Predicate = (icmp_ln107)> <Delay = 0.80> <CoreInst = "LogicGate">   --->   Core 74 'LogicGate' <Latency = 0> <II = 1> <Delay = 0.80> <FuncUnit> <Opcode : 'and' 'or' 'xor'> <InPorts = 2> <OutPorts = 1>

State 4 <SV = 3> <Delay = 3.40>
ST_4 : Operation 42 [1/1] (3.40ns)   --->   "%tmp_V = read i8 @_ssdm_op_Read.ap_fifo.volatile.i8P0A, i8 %imgOutput_4105" [/tools/Xilinx/Vitis_HLS/2020.2/common/technology/autopilot/hls_stream_39.h:145]   --->   Operation 42 'read' 'tmp_V' <Predicate = (icmp_ln107)> <Delay = 3.40> <CoreInst = "FIFO_SRL">   --->   Core 81 'FIFO_SRL' <Latency = 0> <II = 1> <Delay = 3.40> <Storage> <Opcode : 'read' 'write' 'nbread' 'nbwrite'> <Ports = 0> <Width = 8> <Depth = 2> <FIFO>
ST_4 : Operation 43 [1/1] (0.00ns)   --->   "%zext_ln414 = zext i8 %tmp_V"   --->   Operation 43 'zext' 'zext_ln414' <Predicate = (icmp_ln107)> <Delay = 0.00>
ST_4 : Operation 44 [2/2] (0.00ns)   --->   "%write_ln304 = write void @_ssdm_op_Write.axis.volatile.i24P0A.i3P0A.i3P0A.i1P0A.i1P0A.i1P0A.i1P0A, i24 %dst_V_data_V, i3 %dst_V_keep_V, i3 %dst_V_strb_V, i1 %dst_V_user_V, i1 %dst_V_last_V, i1 %dst_V_id_V, i1 %dst_V_dest_V, i24 %zext_ln414, i3 7, i3 0, i1 0, i1 %axi_last_V, i1 0, i1 0"   --->   Operation 44 'write' 'write_ln304' <Predicate = (icmp_ln107)> <Delay = 0.00> <CoreInst = "axis">   --->   Core 115 'axis' <Latency = 0> <II = 1> <Delay = 1.00> <Adapter> <Opcode : >

State 5 <SV = 4> <Delay = 0.00>
ST_5 : Operation 45 [1/1] (0.00ns)   --->   "%specpipeline_ln107 = specpipeline void @_ssdm_op_SpecPipeline, i32 1, i32 0, i32 0, i32 0, void @empty_14" [src/xf_colordetect_accel_stream.cpp:107]   --->   Operation 45 'specpipeline' 'specpipeline_ln107' <Predicate = (icmp_ln107)> <Delay = 0.00>
ST_5 : Operation 46 [1/1] (0.00ns)   --->   "%specloopname_ln107 = specloopname void @_ssdm_op_SpecLoopName, void @empty" [src/xf_colordetect_accel_stream.cpp:107]   --->   Operation 46 'specloopname' 'specloopname_ln107' <Predicate = (icmp_ln107)> <Delay = 0.00>
ST_5 : Operation 47 [1/2] (0.00ns)   --->   "%write_ln304 = write void @_ssdm_op_Write.axis.volatile.i24P0A.i3P0A.i3P0A.i1P0A.i1P0A.i1P0A.i1P0A, i24 %dst_V_data_V, i3 %dst_V_keep_V, i3 %dst_V_strb_V, i1 %dst_V_user_V, i1 %dst_V_last_V, i1 %dst_V_id_V, i1 %dst_V_dest_V, i24 %zext_ln414, i3 7, i3 0, i1 0, i1 %axi_last_V, i1 0, i1 0"   --->   Operation 47 'write' 'write_ln304' <Predicate = (icmp_ln107)> <Delay = 0.00> <CoreInst = "axis">   --->   Core 115 'axis' <Latency = 0> <II = 1> <Delay = 1.00> <Adapter> <Opcode : >
ST_5 : Operation 48 [1/1] (0.00ns)   --->   "%br_ln0 = br void"   --->   Operation 48 'br' 'br_ln0' <Predicate = (icmp_ln107)> <Delay = 0.00>

State 6 <SV = 3> <Delay = 0.00>
ST_6 : Operation 49 [1/1] (0.00ns)   --->   "%br_ln0 = br void %.lr.ph6.i"   --->   Operation 49 'br' 'br_ln0' <Predicate = true> <Delay = 0.00>


============================================================
+ Verbose Summary: Timing violations
============================================================
Target clock period: 10ns, clock uncertainty: 2.7ns.

 <State 1>: 5.16ns
The critical path consists of the following:
	fifo read on port 'img_cols' (src/xf_colordetect_accel_stream.cpp:97) [24]  (3.26 ns)
	'add' operation ('sub_i', src/xf_colordetect_accel_stream.cpp:97) [25]  (1.9 ns)

 <State 2>: 1.97ns
The critical path consists of the following:
	'phi' operation ('i') with incoming values : ('i', src/xf_colordetect_accel_stream.cpp:105) [29]  (0 ns)
	'icmp' operation ('icmp_ln112', src/xf_colordetect_accel_stream.cpp:112) [37]  (1.97 ns)

 <State 3>: 2.77ns
The critical path consists of the following:
	'phi' operation ('j') with incoming values : ('j', src/xf_colordetect_accel_stream.cpp:107) [40]  (0 ns)
	'icmp' operation ('icmp_ln112_1', src/xf_colordetect_accel_stream.cpp:112) [49]  (1.97 ns)
	'and' operation ('axi.last.V', src/xf_colordetect_accel_stream.cpp:112) [50]  (0.8 ns)

 <State 4>: 3.4ns
The critical path consists of the following:
	fifo read on port 'imgOutput_4105' (/tools/Xilinx/Vitis_HLS/2020.2/common/technology/autopilot/hls_stream_39.h:145) [51]  (3.4 ns)

 <State 5>: 0ns
The critical path consists of the following:

 <State 6>: 0ns
The critical path consists of the following:


============================================================
+ Verbose Summary: Binding
============================================================
N/A
* FSMD analyzer results:
  - Output states:
 - Input state : 
  - Chain level:
	State 1
	State 2
	State 3
	State 4
	State 5
	State 6


============================================================
+ Verbose Summary: Datapath Resource usage 
============================================================
N/A
