

================================================================
== Vitis HLS Report for 'axis2xfMat_24_9_2160_3840_1_s'
================================================================
* Date:           Tue Mar 29 20:35:23 2022

* Version:        2020.2.2 (Build 3118627 on Tue Feb  9 05:13:49 MST 2021)
* Project:        colordetect
* Solution:       colordetect (Vivado IP Flow Target)
* Product family: zynq
* Target device:  xc7z020-clg484-2


================================================================
== Performance Estimates
================================================================
+ Timing: 
    * Summary: 
    +--------+----------+----------+------------+
    |  Clock |  Target  | Estimated| Uncertainty|
    +--------+----------+----------+------------+
    |ap_clk  |  10.00 ns|  6.802 ns|     2.70 ns|
    +--------+----------+----------+------------+

+ Latency: 
    * Summary: 
    +---------+---------+-----------+-----------+-----+---------+---------+
    |  Latency (cycles) |   Latency (absolute)  |    Interval   | Pipeline|
    |   min   |   max   |    min    |    max    | min |   max   |   Type  |
    +---------+---------+-----------+-----------+-----+---------+---------+
    |        1|  8300881|  10.000 ns|  83.009 ms|    1|  8300881|     none|
    +---------+---------+-----------+-----------+-----+---------+---------+

    + Detail: 
        * Instance: 
        N/A

        * Loop: 
        +---------------------+---------+---------+----------+-----------+-----------+----------+----------+
        |                     |  Latency (cycles) | Iteration|  Initiation Interval  |   Trip   |          |
        |      Loop Name      |   min   |   max   |  Latency |  achieved |   target  |   Count  | Pipelined|
        +---------------------+---------+---------+----------+-----------+-----------+----------+----------+
        |- loop_row_axi2mat   |        0|  8300880|  3 ~ 3843|          -|          -|  0 ~ 2160|        no|
        | + loop_col_zxi2mat  |        0|     3840|         2|          1|          1|  0 ~ 3840|       yes|
        +---------------------+---------+---------+----------+-----------+-----------+----------+----------+



================================================================
== Utilization Estimates
================================================================
* Summary: 
+-----------------+---------+-----+--------+-------+-----+
|       Name      | BRAM_18K| DSP |   FF   |  LUT  | URAM|
+-----------------+---------+-----+--------+-------+-----+
|DSP              |        -|    -|       -|      -|    -|
|Expression       |        -|    -|       0|     56|    -|
|FIFO             |        -|    -|       -|      -|    -|
|Instance         |        -|    -|       -|      -|    -|
|Memory           |        -|    -|       -|      -|    -|
|Multiplexer      |        -|    -|       -|    124|    -|
|Register         |        -|    -|     133|      -|    -|
+-----------------+---------+-----+--------+-------+-----+
|Total            |        0|    0|     133|    180|    0|
+-----------------+---------+-----+--------+-------+-----+
|Available        |      280|  220|  106400|  53200|    0|
+-----------------+---------+-----+--------+-------+-----+
|Utilization (%)  |        0|    0|      ~0|     ~0|    0|
+-----------------+---------+-----+--------+-------+-----+

+ Detail: 
    * Instance: 
    N/A

    * DSP: 
    N/A

    * Memory: 
    N/A

    * FIFO: 
    N/A

    * Expression: 
    +----------------------------------+----------+----+---+----+------------+------------+
    |           Variable Name          | Operation| DSP| FF| LUT| Bitwidth P0| Bitwidth P1|
    +----------------------------------+----------+----+---+----+------------+------------+
    |i_2_fu_151_p2                     |         +|   0|  0|  12|          12|           1|
    |j_2_fu_166_p2                     |         +|   0|  0|  12|          12|           1|
    |ap_block_state3_pp0_stage0_iter0  |       and|   0|  0|   1|           1|           1|
    |ap_block_state4_pp0_stage0_iter1  |       and|   0|  0|   1|           1|           1|
    |icmp_ln80_fu_161_p2               |      icmp|   0|  0|  12|          32|          32|
    |icmp_ln82_fu_176_p2               |      icmp|   0|  0|  12|          32|          32|
    |ap_block_pp0_stage0_01001         |        or|   0|  0|   1|           1|           1|
    |ap_block_state1                   |        or|   0|  0|   1|           1|           1|
    |ap_enable_pp0                     |       xor|   0|  0|   2|           1|           2|
    |ap_enable_reg_pp0_iter1           |       xor|   0|  0|   2|           2|           1|
    +----------------------------------+----------+----+---+----+------------+------------+
    |Total                             |          |   0|  0|  56|          95|          73|
    +----------------------------------+----------+----+---+----+------------+------------+

    * Multiplexer: 
    +-------------------------+----+-----------+-----+-----------+
    |           Name          | LUT| Input Size| Bits| Total Bits|
    +-------------------------+----+-----------+-----+-----------+
    |ap_NS_fsm                |  21|          5|    1|          5|
    |ap_done                  |   9|          2|    1|          2|
    |ap_enable_reg_pp0_iter1  |  13|          3|    1|          3|
    |i_reg_129                |   9|          2|   12|         24|
    |imgInput_499_blk_n       |   9|          2|    1|          2|
    |img_cols_blk_n           |   9|          2|    1|          2|
    |img_cols_out_blk_n       |   9|          2|    1|          2|
    |img_rows_blk_n           |   9|          2|    1|          2|
    |img_rows_out_blk_n       |   9|          2|    1|          2|
    |j_reg_140                |   9|          2|   12|         24|
    |real_start               |   9|          2|    1|          2|
    |src_TDATA_blk_n          |   9|          2|    1|          2|
    +-------------------------+----+-----------+-----+-----------+
    |Total                    | 124|         28|   34|         72|
    +-------------------------+----+-----------+-----+-----------+

    * Register: 
    +-------------------------+----+----+-----+-----------+
    |           Name          | FF | LUT| Bits| Const Bits|
    +-------------------------+----+----+-----+-----------+
    |ap_CS_fsm                |   4|   0|    4|          0|
    |ap_done_reg              |   1|   0|    1|          0|
    |ap_enable_reg_pp0_iter0  |   1|   0|    1|          0|
    |ap_enable_reg_pp0_iter1  |   1|   0|    1|          0|
    |axi_data_V_reg_213       |  24|   0|   24|          0|
    |cols_reg_190             |  32|   0|   32|          0|
    |i_2_reg_195              |  12|   0|   12|          0|
    |i_reg_129                |  12|   0|   12|          0|
    |icmp_ln82_reg_209        |   1|   0|    1|          0|
    |j_reg_140                |  12|   0|   12|          0|
    |rows_reg_185             |  32|   0|   32|          0|
    |start_once_reg           |   1|   0|    1|          0|
    +-------------------------+----+----+-----+-----------+
    |Total                    | 133|   0|  133|          0|
    +-------------------------+----+----+-----+-----------+



================================================================
== Interface
================================================================
* Summary: 
+---------------------+-----+-----+------------+----------------------------------+--------------+
|      RTL Ports      | Dir | Bits|  Protocol  |           Source Object          |    C Type    |
+---------------------+-----+-----+------------+----------------------------------+--------------+
|ap_clk               |   in|    1|  ap_ctrl_hs|  axis2xfMat<24, 9, 2160, 3840, 1>|  return value|
|ap_rst               |   in|    1|  ap_ctrl_hs|  axis2xfMat<24, 9, 2160, 3840, 1>|  return value|
|ap_start             |   in|    1|  ap_ctrl_hs|  axis2xfMat<24, 9, 2160, 3840, 1>|  return value|
|start_full_n         |   in|    1|  ap_ctrl_hs|  axis2xfMat<24, 9, 2160, 3840, 1>|  return value|
|ap_done              |  out|    1|  ap_ctrl_hs|  axis2xfMat<24, 9, 2160, 3840, 1>|  return value|
|ap_continue          |   in|    1|  ap_ctrl_hs|  axis2xfMat<24, 9, 2160, 3840, 1>|  return value|
|ap_idle              |  out|    1|  ap_ctrl_hs|  axis2xfMat<24, 9, 2160, 3840, 1>|  return value|
|ap_ready             |  out|    1|  ap_ctrl_hs|  axis2xfMat<24, 9, 2160, 3840, 1>|  return value|
|start_out            |  out|    1|  ap_ctrl_hs|  axis2xfMat<24, 9, 2160, 3840, 1>|  return value|
|start_write          |  out|    1|  ap_ctrl_hs|  axis2xfMat<24, 9, 2160, 3840, 1>|  return value|
|imgInput_499_din     |  out|   24|     ap_fifo|                      imgInput_499|       pointer|
|imgInput_499_full_n  |   in|    1|     ap_fifo|                      imgInput_499|       pointer|
|imgInput_499_write   |  out|    1|     ap_fifo|                      imgInput_499|       pointer|
|src_TDATA            |   in|   24|        axis|           AXI_video_strm_V_data_V|       pointer|
|src_TVALID           |   in|    1|        axis|           AXI_video_strm_V_dest_V|       pointer|
|src_TREADY           |  out|    1|        axis|           AXI_video_strm_V_dest_V|       pointer|
|src_TDEST            |   in|    1|        axis|           AXI_video_strm_V_dest_V|       pointer|
|src_TKEEP            |   in|    3|        axis|           AXI_video_strm_V_keep_V|       pointer|
|src_TSTRB            |   in|    3|        axis|           AXI_video_strm_V_strb_V|       pointer|
|src_TUSER            |   in|    1|        axis|           AXI_video_strm_V_user_V|       pointer|
|src_TLAST            |   in|    1|        axis|           AXI_video_strm_V_last_V|       pointer|
|src_TID              |   in|    1|        axis|             AXI_video_strm_V_id_V|       pointer|
|img_rows_dout        |   in|   32|     ap_fifo|                          img_rows|       pointer|
|img_rows_empty_n     |   in|    1|     ap_fifo|                          img_rows|       pointer|
|img_rows_read        |  out|    1|     ap_fifo|                          img_rows|       pointer|
|img_cols_dout        |   in|   32|     ap_fifo|                          img_cols|       pointer|
|img_cols_empty_n     |   in|    1|     ap_fifo|                          img_cols|       pointer|
|img_cols_read        |  out|    1|     ap_fifo|                          img_cols|       pointer|
|img_rows_out_din     |  out|   32|     ap_fifo|                      img_rows_out|       pointer|
|img_rows_out_full_n  |   in|    1|     ap_fifo|                      img_rows_out|       pointer|
|img_rows_out_write   |  out|    1|     ap_fifo|                      img_rows_out|       pointer|
|img_cols_out_din     |  out|   32|     ap_fifo|                      img_cols_out|       pointer|
|img_cols_out_full_n  |   in|    1|     ap_fifo|                      img_cols_out|       pointer|
|img_cols_out_write   |  out|    1|     ap_fifo|                      img_cols_out|       pointer|
+---------------------+-----+-----+------------+----------------------------------+--------------+

