

================================================================
== Vitis HLS Report for 'colorthresholding_9_0_3_2160_3840_1_s'
================================================================
* Date:           Tue Mar 29 20:35:24 2022

* Version:        2020.2.2 (Build 3118627 on Tue Feb  9 05:13:49 MST 2021)
* Project:        colordetect
* Solution:       colordetect (Vivado IP Flow Target)
* Product family: zynq
* Target device:  xc7z020-clg484-2


================================================================
== Performance Estimates
================================================================
+ Timing: 
    * Summary: 
    +--------+----------+----------+------------+
    |  Clock |  Target  | Estimated| Uncertainty|
    +--------+----------+----------+------------+
    |ap_clk  |  10.00 ns|  6.802 ns|     2.70 ns|
    +--------+----------+----------+------------+

+ Latency: 
    * Summary: 
    +---------+---------+----------+-----------+-----+---------+----------+
    |  Latency (cycles) |  Latency (absolute)  |    Interval   | Pipeline |
    |   min   |   max   |    min   |    max    | min |   max   |   Type   |
    +---------+---------+----------+-----------+-----+---------+----------+
    |       17|  8294418|  0.170 us|  82.944 ms|   12|  8294407|  dataflow|
    +---------+---------+----------+-----------+-----+---------+----------+

    + Detail: 
        * Instance: 
        +--------------------------------------------------------------------------------------------+-----------------------------------------------------------------------------------------+---------+---------+-----------+-----------+-----+---------+---------+
        |                                                                                            |                                                                                         |  Latency (cycles) |   Latency (absolute)  |    Interval   | Pipeline|
        |                                          Instance                                          |                                          Module                                         |   min   |   max   |    min    |    max    | min |   max   |   Type  |
        +--------------------------------------------------------------------------------------------+-----------------------------------------------------------------------------------------+---------+---------+-----------+-----------+-----+---------+---------+
        |xFInRange_9_0_2160_3840_15_0_1_9_1_3_U0                                                     |xFInRange_9_0_2160_3840_15_0_1_9_1_3_s                                                   |        5|  8294406|  50.000 ns|  82.944 ms|    5|  8294406|     none|
        |colorthresholding_9_0_3_2160_3840_1_Loop_VITIS_LOOP_138_1_proc_U0                           |colorthresholding_9_0_3_2160_3840_1_Loop_VITIS_LOOP_138_1_proc                           |       11|       11|   0.110 us|   0.110 us|   11|       11|     none|
        |colorthresholding_9_0_3_2160_3840_1_entry29_U0                                              |colorthresholding_9_0_3_2160_3840_1_entry29                                              |        0|        0|       0 ns|       0 ns|    0|        0|     none|
        |colorthresholding_9_0_3_2160_3840_1_Block_colorthresholding_9_0_3_2160_3840_1_exit_proc_U0  |colorthresholding_9_0_3_2160_3840_1_Block_colorthresholding_9_0_3_2160_3840_1_exit_proc  |        0|        0|       0 ns|       0 ns|    0|        0|     none|
        +--------------------------------------------------------------------------------------------+-----------------------------------------------------------------------------------------+---------+---------+-----------+-----------+-----+---------+---------+

        * Loop: 
        N/A



================================================================
== Utilization Estimates
================================================================
* Summary: 
+-----------------+---------+-----+--------+-------+-----+
|       Name      | BRAM_18K| DSP |   FF   |  LUT  | URAM|
+-----------------+---------+-----+--------+-------+-----+
|DSP              |        -|    -|       -|      -|    -|
|Expression       |        -|    -|       0|     49|    -|
|FIFO             |        -|    -|    2178|   1496|    -|
|Instance         |        -|    1|     284|    499|    -|
|Memory           |        -|    -|       -|      -|    -|
|Multiplexer      |        -|    -|       -|    198|    -|
|Register         |        -|    -|      22|      -|    -|
+-----------------+---------+-----+--------+-------+-----+
|Total            |        0|    1|    2484|   2242|    0|
+-----------------+---------+-----+--------+-------+-----+
|Available        |      280|  220|  106400|  53200|    0|
+-----------------+---------+-----+--------+-------+-----+
|Utilization (%)  |        0|   ~0|       2|      4|    0|
+-----------------+---------+-----+--------+-------+-----+

+ Detail: 
    * Instance: 
    +--------------------------------------------------------------------------------------------+-----------------------------------------------------------------------------------------+---------+----+-----+-----+-----+
    |                                          Instance                                          |                                          Module                                         | BRAM_18K| DSP|  FF | LUT | URAM|
    +--------------------------------------------------------------------------------------------+-----------------------------------------------------------------------------------------+---------+----+-----+-----+-----+
    |colorthresholding_9_0_3_2160_3840_1_Block_colorthresholding_9_0_3_2160_3840_1_exit_proc_U0  |colorthresholding_9_0_3_2160_3840_1_Block_colorthresholding_9_0_3_2160_3840_1_exit_proc  |        0|   0|   34|   46|    0|
    |colorthresholding_9_0_3_2160_3840_1_Loop_VITIS_LOOP_138_1_proc_U0                           |colorthresholding_9_0_3_2160_3840_1_Loop_VITIS_LOOP_138_1_proc                           |        0|   0|  168|  136|    0|
    |colorthresholding_9_0_3_2160_3840_1_entry29_U0                                              |colorthresholding_9_0_3_2160_3840_1_entry29                                              |        0|   0|    3|   55|    0|
    |xFInRange_9_0_2160_3840_15_0_1_9_1_3_U0                                                     |xFInRange_9_0_2160_3840_15_0_1_9_1_3_s                                                   |        0|   1|   79|  262|    0|
    +--------------------------------------------------------------------------------------------+-----------------------------------------------------------------------------------------+---------+----+-----+-----+-----+
    |Total                                                                                       |                                                                                         |        0|   1|  284|  499|    0|
    +--------------------------------------------------------------------------------------------+-----------------------------------------------------------------------------------------+---------+----+-----+-----+-----+

    * DSP: 
    N/A

    * Memory: 
    N/A

    * FIFO: 
    +----------------------------+---------+----+----+-----+------+-----+---------+
    |            Name            | BRAM_18K| FF | LUT| URAM| Depth| Bits| Size:D*B|
    +----------------------------+---------+----+----+-----+------+-----+---------+
    |high_th_0_0_U               |        0|  99|   0|    -|     3|    8|       24|
    |high_th_0_1_U               |        0|  99|   0|    -|     3|    8|       24|
    |high_th_0_2_U               |        0|  99|   0|    -|     3|    8|       24|
    |high_th_1_0_U               |        0|  99|   0|    -|     3|    8|       24|
    |high_th_1_1_U               |        0|  99|   0|    -|     3|    8|       24|
    |high_th_1_2_U               |        0|  99|   0|    -|     3|    8|       24|
    |high_th_2_0_U               |        0|  99|   0|    -|     3|    8|       24|
    |high_th_2_1_U               |        0|  99|   0|    -|     3|    8|       24|
    |high_th_2_2_U               |        0|  99|   0|    -|     3|    8|       24|
    |img_height_loc_i_channel_U  |        0|  99|   0|    -|     2|   16|       32|
    |img_width_loc_i_channel_U   |        0|  99|   0|    -|     2|   16|       32|
    |low_th_0_0_U                |        0|  99|   0|    -|     3|    8|       24|
    |low_th_0_1_U                |        0|  99|   0|    -|     3|    8|       24|
    |low_th_0_2_U                |        0|  99|   0|    -|     3|    8|       24|
    |low_th_1_0_U                |        0|  99|   0|    -|     3|    8|       24|
    |low_th_1_1_U                |        0|  99|   0|    -|     3|    8|       24|
    |low_th_1_2_U                |        0|  99|   0|    -|     3|    8|       24|
    |low_th_2_0_U                |        0|  99|   0|    -|     3|    8|       24|
    |low_th_2_1_U                |        0|  99|   0|    -|     3|    8|       24|
    |low_th_2_2_U                |        0|  99|   0|    -|     3|    8|       24|
    |p_src_mat_cols_c_i_U        |        0|  99|   0|    -|     2|   16|       32|
    |p_src_mat_rows_c_i_U        |        0|  99|   0|    -|     2|   16|       32|
    +----------------------------+---------+----+----+-----+------+-----+---------+
    |Total                       |        0|2178|   0|    0|    62|  208|      560|
    +----------------------------+---------+----+----+-----+------+-----+---------+

    * Expression: 
    +--------------------------------------------------------------------------------------------------------+----------+----+---+----+------------+------------+
    |                                              Variable Name                                             | Operation| DSP| FF| LUT| Bitwidth P0| Bitwidth P1|
    +--------------------------------------------------------------------------------------------------------+----------+----+---+----+------------+------------+
    |ap_channel_done_high_th_0_0                                                                             |       and|   0|  0|   1|           1|           1|
    |ap_channel_done_high_th_0_1                                                                             |       and|   0|  0|   1|           1|           1|
    |ap_channel_done_high_th_0_2                                                                             |       and|   0|  0|   1|           1|           1|
    |ap_channel_done_high_th_1_0                                                                             |       and|   0|  0|   1|           1|           1|
    |ap_channel_done_high_th_1_1                                                                             |       and|   0|  0|   1|           1|           1|
    |ap_channel_done_high_th_1_2                                                                             |       and|   0|  0|   1|           1|           1|
    |ap_channel_done_high_th_2_0                                                                             |       and|   0|  0|   1|           1|           1|
    |ap_channel_done_high_th_2_1                                                                             |       and|   0|  0|   1|           1|           1|
    |ap_channel_done_high_th_2_2                                                                             |       and|   0|  0|   1|           1|           1|
    |ap_channel_done_img_height_loc_i_channel                                                                |       and|   0|  0|   1|           1|           1|
    |ap_channel_done_img_width_loc_i_channel                                                                 |       and|   0|  0|   1|           1|           1|
    |ap_channel_done_low_th_0_0                                                                              |       and|   0|  0|   1|           1|           1|
    |ap_channel_done_low_th_0_1                                                                              |       and|   0|  0|   1|           1|           1|
    |ap_channel_done_low_th_0_2                                                                              |       and|   0|  0|   1|           1|           1|
    |ap_channel_done_low_th_1_0                                                                              |       and|   0|  0|   1|           1|           1|
    |ap_channel_done_low_th_1_1                                                                              |       and|   0|  0|   1|           1|           1|
    |ap_channel_done_low_th_1_2                                                                              |       and|   0|  0|   1|           1|           1|
    |ap_channel_done_low_th_2_0                                                                              |       and|   0|  0|   1|           1|           1|
    |ap_channel_done_low_th_2_1                                                                              |       and|   0|  0|   1|           1|           1|
    |ap_channel_done_low_th_2_2                                                                              |       and|   0|  0|   1|           1|           1|
    |ap_idle                                                                                                 |       and|   0|  0|   1|           1|           1|
    |ap_sync_ready                                                                                           |       and|   0|  0|   1|           1|           1|
    |colorthresholding_9_0_3_2160_3840_1_Block_colorthresholding_9_0_3_2160_3840_1_exit_proc_U0_ap_continue  |       and|   0|  0|   1|           1|           1|
    |colorthresholding_9_0_3_2160_3840_1_Loop_VITIS_LOOP_138_1_proc_U0_ap_continue                           |       and|   0|  0|   1|           1|           1|
    |colorthresholding_9_0_3_2160_3840_1_Loop_VITIS_LOOP_138_1_proc_U0_ap_start                              |       and|   0|  0|   1|           1|           1|
    |colorthresholding_9_0_3_2160_3840_1_entry29_U0_ap_start                                                 |       and|   0|  0|   1|           1|           1|
    |xFInRange_9_0_2160_3840_15_0_1_9_1_3_U0_ap_start                                                        |       and|   0|  0|   1|           1|           1|
    |ap_sync_channel_write_high_th_0_0                                                                       |        or|   0|  0|   1|           1|           1|
    |ap_sync_channel_write_high_th_0_1                                                                       |        or|   0|  0|   1|           1|           1|
    |ap_sync_channel_write_high_th_0_2                                                                       |        or|   0|  0|   1|           1|           1|
    |ap_sync_channel_write_high_th_1_0                                                                       |        or|   0|  0|   1|           1|           1|
    |ap_sync_channel_write_high_th_1_1                                                                       |        or|   0|  0|   1|           1|           1|
    |ap_sync_channel_write_high_th_1_2                                                                       |        or|   0|  0|   1|           1|           1|
    |ap_sync_channel_write_high_th_2_0                                                                       |        or|   0|  0|   1|           1|           1|
    |ap_sync_channel_write_high_th_2_1                                                                       |        or|   0|  0|   1|           1|           1|
    |ap_sync_channel_write_high_th_2_2                                                                       |        or|   0|  0|   1|           1|           1|
    |ap_sync_channel_write_img_height_loc_i_channel                                                          |        or|   0|  0|   1|           1|           1|
    |ap_sync_channel_write_img_width_loc_i_channel                                                           |        or|   0|  0|   1|           1|           1|
    |ap_sync_channel_write_low_th_0_0                                                                        |        or|   0|  0|   1|           1|           1|
    |ap_sync_channel_write_low_th_0_1                                                                        |        or|   0|  0|   1|           1|           1|
    |ap_sync_channel_write_low_th_0_2                                                                        |        or|   0|  0|   1|           1|           1|
    |ap_sync_channel_write_low_th_1_0                                                                        |        or|   0|  0|   1|           1|           1|
    |ap_sync_channel_write_low_th_1_1                                                                        |        or|   0|  0|   1|           1|           1|
    |ap_sync_channel_write_low_th_1_2                                                                        |        or|   0|  0|   1|           1|           1|
    |ap_sync_channel_write_low_th_2_0                                                                        |        or|   0|  0|   1|           1|           1|
    |ap_sync_channel_write_low_th_2_1                                                                        |        or|   0|  0|   1|           1|           1|
    |ap_sync_channel_write_low_th_2_2                                                                        |        or|   0|  0|   1|           1|           1|
    |ap_sync_colorthresholding_9_0_3_2160_3840_1_Loop_VITIS_LOOP_138_1_proc_U0_ap_ready                      |        or|   0|  0|   1|           1|           1|
    |ap_sync_colorthresholding_9_0_3_2160_3840_1_entry29_U0_ap_ready                                         |        or|   0|  0|   1|           1|           1|
    +--------------------------------------------------------------------------------------------------------+----------+----+---+----+------------+------------+
    |Total                                                                                                   |          |   0|  0|  49|          49|          49|
    +--------------------------------------------------------------------------------------------------------+----------+----+---+----+------------+------------+

    * Multiplexer: 
    +----------------------------------------------------------------------------------------+----+-----------+-----+-----------+
    |                                          Name                                          | LUT| Input Size| Bits| Total Bits|
    +----------------------------------------------------------------------------------------+----+-----------+-----+-----------+
    |ap_sync_reg_channel_write_high_th_0_0                                                   |   9|          2|    1|          2|
    |ap_sync_reg_channel_write_high_th_0_1                                                   |   9|          2|    1|          2|
    |ap_sync_reg_channel_write_high_th_0_2                                                   |   9|          2|    1|          2|
    |ap_sync_reg_channel_write_high_th_1_0                                                   |   9|          2|    1|          2|
    |ap_sync_reg_channel_write_high_th_1_1                                                   |   9|          2|    1|          2|
    |ap_sync_reg_channel_write_high_th_1_2                                                   |   9|          2|    1|          2|
    |ap_sync_reg_channel_write_high_th_2_0                                                   |   9|          2|    1|          2|
    |ap_sync_reg_channel_write_high_th_2_1                                                   |   9|          2|    1|          2|
    |ap_sync_reg_channel_write_high_th_2_2                                                   |   9|          2|    1|          2|
    |ap_sync_reg_channel_write_img_height_loc_i_channel                                      |   9|          2|    1|          2|
    |ap_sync_reg_channel_write_img_width_loc_i_channel                                       |   9|          2|    1|          2|
    |ap_sync_reg_channel_write_low_th_0_0                                                    |   9|          2|    1|          2|
    |ap_sync_reg_channel_write_low_th_0_1                                                    |   9|          2|    1|          2|
    |ap_sync_reg_channel_write_low_th_0_2                                                    |   9|          2|    1|          2|
    |ap_sync_reg_channel_write_low_th_1_0                                                    |   9|          2|    1|          2|
    |ap_sync_reg_channel_write_low_th_1_1                                                    |   9|          2|    1|          2|
    |ap_sync_reg_channel_write_low_th_1_2                                                    |   9|          2|    1|          2|
    |ap_sync_reg_channel_write_low_th_2_0                                                    |   9|          2|    1|          2|
    |ap_sync_reg_channel_write_low_th_2_1                                                    |   9|          2|    1|          2|
    |ap_sync_reg_channel_write_low_th_2_2                                                    |   9|          2|    1|          2|
    |ap_sync_reg_colorthresholding_9_0_3_2160_3840_1_Loop_VITIS_LOOP_138_1_proc_U0_ap_ready  |   9|          2|    1|          2|
    |ap_sync_reg_colorthresholding_9_0_3_2160_3840_1_entry29_U0_ap_ready                     |   9|          2|    1|          2|
    +----------------------------------------------------------------------------------------+----+-----------+-----+-----------+
    |Total                                                                                   | 198|         44|   22|         44|
    +----------------------------------------------------------------------------------------+----+-----------+-----+-----------+

    * Register: 
    +----------------------------------------------------------------------------------------+---+----+-----+-----------+
    |                                          Name                                          | FF| LUT| Bits| Const Bits|
    +----------------------------------------------------------------------------------------+---+----+-----+-----------+
    |ap_sync_reg_channel_write_high_th_0_0                                                   |  1|   0|    1|          0|
    |ap_sync_reg_channel_write_high_th_0_1                                                   |  1|   0|    1|          0|
    |ap_sync_reg_channel_write_high_th_0_2                                                   |  1|   0|    1|          0|
    |ap_sync_reg_channel_write_high_th_1_0                                                   |  1|   0|    1|          0|
    |ap_sync_reg_channel_write_high_th_1_1                                                   |  1|   0|    1|          0|
    |ap_sync_reg_channel_write_high_th_1_2                                                   |  1|   0|    1|          0|
    |ap_sync_reg_channel_write_high_th_2_0                                                   |  1|   0|    1|          0|
    |ap_sync_reg_channel_write_high_th_2_1                                                   |  1|   0|    1|          0|
    |ap_sync_reg_channel_write_high_th_2_2                                                   |  1|   0|    1|          0|
    |ap_sync_reg_channel_write_img_height_loc_i_channel                                      |  1|   0|    1|          0|
    |ap_sync_reg_channel_write_img_width_loc_i_channel                                       |  1|   0|    1|          0|
    |ap_sync_reg_channel_write_low_th_0_0                                                    |  1|   0|    1|          0|
    |ap_sync_reg_channel_write_low_th_0_1                                                    |  1|   0|    1|          0|
    |ap_sync_reg_channel_write_low_th_0_2                                                    |  1|   0|    1|          0|
    |ap_sync_reg_channel_write_low_th_1_0                                                    |  1|   0|    1|          0|
    |ap_sync_reg_channel_write_low_th_1_1                                                    |  1|   0|    1|          0|
    |ap_sync_reg_channel_write_low_th_1_2                                                    |  1|   0|    1|          0|
    |ap_sync_reg_channel_write_low_th_2_0                                                    |  1|   0|    1|          0|
    |ap_sync_reg_channel_write_low_th_2_1                                                    |  1|   0|    1|          0|
    |ap_sync_reg_channel_write_low_th_2_2                                                    |  1|   0|    1|          0|
    |ap_sync_reg_colorthresholding_9_0_3_2160_3840_1_Loop_VITIS_LOOP_138_1_proc_U0_ap_ready  |  1|   0|    1|          0|
    |ap_sync_reg_colorthresholding_9_0_3_2160_3840_1_entry29_U0_ap_ready                     |  1|   0|    1|          0|
    +----------------------------------------------------------------------------------------+---+----+-----+-----------+
    |Total                                                                                   | 22|   0|   22|          0|
    +----------------------------------------------------------------------------------------+---+----+-----+-----------+



================================================================
== Interface
================================================================
* Summary: 
+------------------------+-----+-----+------------+-------------------------------------------+--------------+
|        RTL Ports       | Dir | Bits|  Protocol  |               Source Object               |    C Type    |
+------------------------+-----+-----+------------+-------------------------------------------+--------------+
|rgb2hsv_4100_dout       |   in|   24|     ap_fifo|                               rgb2hsv_4100|       pointer|
|rgb2hsv_4100_empty_n    |   in|    1|     ap_fifo|                               rgb2hsv_4100|       pointer|
|rgb2hsv_4100_read       |  out|    1|     ap_fifo|                               rgb2hsv_4100|       pointer|
|imgHelper1_4101_din     |  out|    8|     ap_fifo|                            imgHelper1_4101|       pointer|
|imgHelper1_4101_full_n  |   in|    1|     ap_fifo|                            imgHelper1_4101|       pointer|
|imgHelper1_4101_write   |  out|    1|     ap_fifo|                            imgHelper1_4101|       pointer|
|low_thresh_address0     |  out|    4|   ap_memory|                                 low_thresh|         array|
|low_thresh_ce0          |  out|    1|   ap_memory|                                 low_thresh|         array|
|low_thresh_d0           |  out|    8|   ap_memory|                                 low_thresh|         array|
|low_thresh_q0           |   in|    8|   ap_memory|                                 low_thresh|         array|
|low_thresh_we0          |  out|    1|   ap_memory|                                 low_thresh|         array|
|high_thresh_address0    |  out|    4|   ap_memory|                                high_thresh|         array|
|high_thresh_ce0         |  out|    1|   ap_memory|                                high_thresh|         array|
|high_thresh_d0          |  out|    8|   ap_memory|                                high_thresh|         array|
|high_thresh_q0          |   in|    8|   ap_memory|                                high_thresh|         array|
|high_thresh_we0         |  out|    1|   ap_memory|                                high_thresh|         array|
|p_src_mat_rows_dout     |   in|   32|     ap_fifo|                             p_src_mat_rows|       pointer|
|p_src_mat_rows_empty_n  |   in|    1|     ap_fifo|                             p_src_mat_rows|       pointer|
|p_src_mat_rows_read     |  out|    1|     ap_fifo|                             p_src_mat_rows|       pointer|
|p_src_mat_cols_dout     |   in|   32|     ap_fifo|                             p_src_mat_cols|       pointer|
|p_src_mat_cols_empty_n  |   in|    1|     ap_fifo|                             p_src_mat_cols|       pointer|
|p_src_mat_cols_read     |  out|    1|     ap_fifo|                             p_src_mat_cols|       pointer|
|ap_clk                  |   in|    1|  ap_ctrl_hs|  colorthresholding<9, 0, 3, 2160, 3840, 1>|  return value|
|ap_rst                  |   in|    1|  ap_ctrl_hs|  colorthresholding<9, 0, 3, 2160, 3840, 1>|  return value|
|ap_start                |   in|    1|  ap_ctrl_hs|  colorthresholding<9, 0, 3, 2160, 3840, 1>|  return value|
|ap_done                 |  out|    1|  ap_ctrl_hs|  colorthresholding<9, 0, 3, 2160, 3840, 1>|  return value|
|ap_ready                |  out|    1|  ap_ctrl_hs|  colorthresholding<9, 0, 3, 2160, 3840, 1>|  return value|
|ap_idle                 |  out|    1|  ap_ctrl_hs|  colorthresholding<9, 0, 3, 2160, 3840, 1>|  return value|
|ap_continue             |   in|    1|  ap_ctrl_hs|  colorthresholding<9, 0, 3, 2160, 3840, 1>|  return value|
+------------------------+-----+-----+------------+-------------------------------------------+--------------+

