

================================================================
== Vitis HLS Report for 'colorthresholding_9_0_3_2160_3840_1_Loop_VITIS_LOOP_138_1_proc'
================================================================
* Date:           Tue Mar 29 20:35:24 2022

* Version:        2020.2.2 (Build 3118627 on Tue Feb  9 05:13:49 MST 2021)
* Project:        colordetect
* Solution:       colordetect (Vivado IP Flow Target)
* Product family: zynq
* Target device:  xc7z020-clg484-2


================================================================
== Performance Estimates
================================================================
+ Timing: 
    * Summary: 
    +--------+----------+----------+------------+
    |  Clock |  Target  | Estimated| Uncertainty|
    +--------+----------+----------+------------+
    |ap_clk  |  10.00 ns|  2.523 ns|     2.70 ns|
    +--------+----------+----------+------------+

+ Latency: 
    * Summary: 
    +---------+---------+----------+----------+-----+-----+---------+
    |  Latency (cycles) |  Latency (absolute) |  Interval | Pipeline|
    |   min   |   max   |    min   |    max   | min | max |   Type  |
    +---------+---------+----------+----------+-----+-----+---------+
    |       11|       11|  0.110 us|  0.110 us|   11|   11|     none|
    +---------+---------+----------+----------+-----+-----+---------+

    + Detail: 
        * Instance: 
        N/A

        * Loop: 
        +--------------------+---------+---------+----------+-----------+-----------+------+----------+
        |                    |  Latency (cycles) | Iteration|  Initiation Interval  | Trip |          |
        |      Loop Name     |   min   |   max   |  Latency |  achieved |   target  | Count| Pipelined|
        +--------------------+---------+---------+----------+-----------+-----------+------+----------+
        |- VITIS_LOOP_138_1  |        9|        9|         4|          3|          1|     3|       yes|
        +--------------------+---------+---------+----------+-----------+-----------+------+----------+



================================================================
== Utilization Estimates
================================================================
* Summary: 
+-----------------+---------+-----+--------+-------+-----+
|       Name      | BRAM_18K| DSP |   FF   |  LUT  | URAM|
+-----------------+---------+-----+--------+-------+-----+
|DSP              |        -|    -|       -|      -|    -|
|Expression       |        -|    -|       0|     23|    -|
|FIFO             |        -|    -|       -|      -|    -|
|Instance         |        -|    -|       -|      -|    -|
|Memory           |        -|    -|       -|      -|    -|
|Multiplexer      |        -|    -|       -|    113|    -|
|Register         |        -|    -|     168|      -|    -|
+-----------------+---------+-----+--------+-------+-----+
|Total            |        0|    0|     168|    136|    0|
+-----------------+---------+-----+--------+-------+-----+
|Available        |      280|  220|  106400|  53200|    0|
+-----------------+---------+-----+--------+-------+-----+
|Utilization (%)  |        0|    0|      ~0|     ~0|    0|
+-----------------+---------+-----+--------+-------+-----+

+ Detail: 
    * Instance: 
    N/A

    * DSP: 
    N/A

    * Memory: 
    N/A

    * FIFO: 
    N/A

    * Expression: 
    +----------------------+----------+----+---+----+------------+------------+
    |     Variable Name    | Operation| DSP| FF| LUT| Bitwidth P0| Bitwidth P1|
    +----------------------+----------+----+---+----+------------+------------+
    |add_ln138_fu_203_p2   |         +|   0|  0|   3|           2|           1|
    |add_ln144_fu_231_p2   |         +|   0|  0|   4|           3|           1|
    |add_ln145_fu_275_p2   |         +|   0|  0|   6|           4|           2|
    |add_ln149_fu_225_p2   |         +|   0|  0|   6|           4|           2|
    |icmp_ln138_fu_209_p2  |      icmp|   0|  0|   1|           2|           2|
    |ap_block_state1       |        or|   0|  0|   1|           1|           1|
    |ap_enable_pp0         |       xor|   0|  0|   2|           1|           2|
    +----------------------+----------+----+---+----+------------+------------+
    |Total                 |          |   0|  0|  23|          17|          11|
    +----------------------+----------+----+---+----+------------+------------+

    * Multiplexer: 
    +----------------------------+----+-----------+-----+-----------+
    |            Name            | LUT| Input Size| Bits| Total Bits|
    +----------------------------+----+-----------+-----+-----------+
    |ap_NS_fsm                   |  25|          6|    1|          6|
    |ap_done                     |   9|          2|    1|          2|
    |ap_enable_reg_pp0_iter1     |   9|          2|    1|          2|
    |ap_phi_mux_i_phi_fu_184_p4  |   9|          2|    2|          4|
    |ap_phi_mux_j_phi_fu_196_p4  |   9|          2|    4|          8|
    |high_thresh_address0        |  17|          4|    4|         16|
    |i_reg_180                   |   9|          2|    2|          4|
    |j_reg_192                   |   9|          2|    4|          8|
    |low_thresh_address0         |  17|          4|    4|         16|
    +----------------------------+----+-----------+-----+-----------+
    |Total                       | 113|         26|   23|         66|
    +----------------------------+----+-----------+-----+-----------+

    * Register: 
    +-------------------------+---+----+-----+-----------+
    |           Name          | FF| LUT| Bits| Const Bits|
    +-------------------------+---+----+-----+-----------+
    |add_ln138_reg_617        |  2|   0|    2|          0|
    |add_ln149_reg_642        |  4|   0|    4|          0|
    |ap_CS_fsm                |  5|   0|    5|          0|
    |ap_done_reg              |  1|   0|    1|          0|
    |ap_enable_reg_pp0_iter0  |  1|   0|    1|          0|
    |ap_enable_reg_pp0_iter1  |  1|   0|    1|          0|
    |high_th_2_0_1_fu_94      |  8|   0|    8|          0|
    |high_th_2_0_2_fu_98      |  8|   0|    8|          0|
    |high_th_2_0_fu_62        |  8|   0|    8|          0|
    |high_th_2_1_1_fu_90      |  8|   0|    8|          0|
    |high_th_2_1_2_fu_106     |  8|   0|    8|          0|
    |high_th_2_1_fu_54        |  8|   0|    8|          0|
    |high_th_2_2_1_fu_86      |  8|   0|    8|          0|
    |high_th_2_2_2_fu_118     |  8|   0|    8|          0|
    |high_th_2_2_fu_50        |  8|   0|    8|          0|
    |i_reg_180                |  2|   0|    2|          0|
    |icmp_ln138_reg_622       |  1|   0|    1|          0|
    |j_reg_192                |  4|   0|    4|          0|
    |low_th_2_0_1_fu_78       |  8|   0|    8|          0|
    |low_th_2_0_2_fu_114      |  8|   0|    8|          0|
    |low_th_2_0_fu_58         |  8|   0|    8|          0|
    |low_th_2_1_1_fu_74       |  8|   0|    8|          0|
    |low_th_2_1_2_fu_110      |  8|   0|    8|          0|
    |low_th_2_1_fu_70         |  8|   0|    8|          0|
    |low_th_2_2_1_fu_82       |  8|   0|    8|          0|
    |low_th_2_2_2_fu_102      |  8|   0|    8|          0|
    |low_th_2_2_fu_66         |  8|   0|    8|          0|
    |trunc_ln144_reg_631      |  3|   0|    3|          0|
    +-------------------------+---+----+-----+-----------+
    |Total                    |168|   0|  168|          0|
    +-------------------------+---+----+-----+-----------+



================================================================
== Interface
================================================================
* Summary: 
+----------------------+-----+-----+------------+----------------------------------------------------------------------+--------------+
|       RTL Ports      | Dir | Bits|  Protocol  |                             Source Object                            |    C Type    |
+----------------------+-----+-----+------------+----------------------------------------------------------------------+--------------+
|ap_clk                |   in|    1|  ap_ctrl_hs|  colorthresholding<9, 0, 3, 2160, 3840, 1>_Loop_VITIS_LOOP_138_1_proc|  return value|
|ap_rst                |   in|    1|  ap_ctrl_hs|  colorthresholding<9, 0, 3, 2160, 3840, 1>_Loop_VITIS_LOOP_138_1_proc|  return value|
|ap_start              |   in|    1|  ap_ctrl_hs|  colorthresholding<9, 0, 3, 2160, 3840, 1>_Loop_VITIS_LOOP_138_1_proc|  return value|
|ap_done               |  out|    1|  ap_ctrl_hs|  colorthresholding<9, 0, 3, 2160, 3840, 1>_Loop_VITIS_LOOP_138_1_proc|  return value|
|ap_continue           |   in|    1|  ap_ctrl_hs|  colorthresholding<9, 0, 3, 2160, 3840, 1>_Loop_VITIS_LOOP_138_1_proc|  return value|
|ap_idle               |  out|    1|  ap_ctrl_hs|  colorthresholding<9, 0, 3, 2160, 3840, 1>_Loop_VITIS_LOOP_138_1_proc|  return value|
|ap_ready              |  out|    1|  ap_ctrl_hs|  colorthresholding<9, 0, 3, 2160, 3840, 1>_Loop_VITIS_LOOP_138_1_proc|  return value|
|ap_return_0           |  out|    8|  ap_ctrl_hs|  colorthresholding<9, 0, 3, 2160, 3840, 1>_Loop_VITIS_LOOP_138_1_proc|  return value|
|ap_return_1           |  out|    8|  ap_ctrl_hs|  colorthresholding<9, 0, 3, 2160, 3840, 1>_Loop_VITIS_LOOP_138_1_proc|  return value|
|ap_return_2           |  out|    8|  ap_ctrl_hs|  colorthresholding<9, 0, 3, 2160, 3840, 1>_Loop_VITIS_LOOP_138_1_proc|  return value|
|ap_return_3           |  out|    8|  ap_ctrl_hs|  colorthresholding<9, 0, 3, 2160, 3840, 1>_Loop_VITIS_LOOP_138_1_proc|  return value|
|ap_return_4           |  out|    8|  ap_ctrl_hs|  colorthresholding<9, 0, 3, 2160, 3840, 1>_Loop_VITIS_LOOP_138_1_proc|  return value|
|ap_return_5           |  out|    8|  ap_ctrl_hs|  colorthresholding<9, 0, 3, 2160, 3840, 1>_Loop_VITIS_LOOP_138_1_proc|  return value|
|ap_return_6           |  out|    8|  ap_ctrl_hs|  colorthresholding<9, 0, 3, 2160, 3840, 1>_Loop_VITIS_LOOP_138_1_proc|  return value|
|ap_return_7           |  out|    8|  ap_ctrl_hs|  colorthresholding<9, 0, 3, 2160, 3840, 1>_Loop_VITIS_LOOP_138_1_proc|  return value|
|ap_return_8           |  out|    8|  ap_ctrl_hs|  colorthresholding<9, 0, 3, 2160, 3840, 1>_Loop_VITIS_LOOP_138_1_proc|  return value|
|ap_return_9           |  out|    8|  ap_ctrl_hs|  colorthresholding<9, 0, 3, 2160, 3840, 1>_Loop_VITIS_LOOP_138_1_proc|  return value|
|ap_return_10          |  out|    8|  ap_ctrl_hs|  colorthresholding<9, 0, 3, 2160, 3840, 1>_Loop_VITIS_LOOP_138_1_proc|  return value|
|ap_return_11          |  out|    8|  ap_ctrl_hs|  colorthresholding<9, 0, 3, 2160, 3840, 1>_Loop_VITIS_LOOP_138_1_proc|  return value|
|ap_return_12          |  out|    8|  ap_ctrl_hs|  colorthresholding<9, 0, 3, 2160, 3840, 1>_Loop_VITIS_LOOP_138_1_proc|  return value|
|ap_return_13          |  out|    8|  ap_ctrl_hs|  colorthresholding<9, 0, 3, 2160, 3840, 1>_Loop_VITIS_LOOP_138_1_proc|  return value|
|ap_return_14          |  out|    8|  ap_ctrl_hs|  colorthresholding<9, 0, 3, 2160, 3840, 1>_Loop_VITIS_LOOP_138_1_proc|  return value|
|ap_return_15          |  out|    8|  ap_ctrl_hs|  colorthresholding<9, 0, 3, 2160, 3840, 1>_Loop_VITIS_LOOP_138_1_proc|  return value|
|ap_return_16          |  out|    8|  ap_ctrl_hs|  colorthresholding<9, 0, 3, 2160, 3840, 1>_Loop_VITIS_LOOP_138_1_proc|  return value|
|ap_return_17          |  out|    8|  ap_ctrl_hs|  colorthresholding<9, 0, 3, 2160, 3840, 1>_Loop_VITIS_LOOP_138_1_proc|  return value|
|low_thresh_address0   |  out|    4|   ap_memory|                                                            low_thresh|         array|
|low_thresh_ce0        |  out|    1|   ap_memory|                                                            low_thresh|         array|
|low_thresh_q0         |   in|    8|   ap_memory|                                                            low_thresh|         array|
|high_thresh_address0  |  out|    4|   ap_memory|                                                           high_thresh|         array|
|high_thresh_ce0       |  out|    1|   ap_memory|                                                           high_thresh|         array|
|high_thresh_q0        |   in|    8|   ap_memory|                                                           high_thresh|         array|
+----------------------+-----+-----+------------+----------------------------------------------------------------------+--------------+

