

================================================================
== Vitis HLS Report for 'erode_0_0_2160_3840_0_3_3_1_1_11'
================================================================
* Date:           Tue Mar 29 20:35:25 2022

* Version:        2020.2.2 (Build 3118627 on Tue Feb  9 05:13:49 MST 2021)
* Project:        colordetect
* Solution:       colordetect (Vivado IP Flow Target)
* Product family: zynq
* Target device:  xc7z020-clg484-2


================================================================
== Performance Estimates
================================================================
+ Timing: 
    * Summary: 
    +--------+----------+----------+------------+
    |  Clock |  Target  | Estimated| Uncertainty|
    +--------+----------+----------+------------+
    |ap_clk  |  10.00 ns|  7.156 ns|     2.70 ns|
    +--------+----------+----------+------------+

+ Latency: 
    * Summary: 
    +---------+---------+----------+-----------+-----+---------+---------+
    |  Latency (cycles) |  Latency (absolute)  |    Interval   | Pipeline|
    |   min   |   max   |    min   |    max    | min |   max   |   Type  |
    +---------+---------+----------+-----------+-----+---------+---------+
    |       13|  8319373|  0.130 us|  83.194 ms|   13|  8319373|     none|
    +---------+---------+----------+-----------+-----+---------+---------+

    + Detail: 
        * Instance: 
        +------------------------------------------------+--------------------------------------+---------+---------+----------+-----------+-----+---------+---------+
        |                                                |                                      |  Latency (cycles) |  Latency (absolute)  |    Interval   | Pipeline|
        |                    Instance                    |                Module                |   min   |   max   |    min   |    max    | min |   max   |   Type  |
        +------------------------------------------------+--------------------------------------+---------+---------+----------+-----------+-----+---------+---------+
        |grp_xferode_2160_3840_1_0_1_0_3841_3_3_s_fu_42  |xferode_2160_3840_1_0_1_0_3841_3_3_s  |       12|  8319372|  0.120 us|  83.194 ms|   12|  8319372|     none|
        +------------------------------------------------+--------------------------------------+---------+---------+----------+-----------+-----+---------+---------+

        * Loop: 
        N/A



================================================================
== Utilization Estimates
================================================================
* Summary: 
+-----------------+---------+-----+--------+-------+-----+
|       Name      | BRAM_18K| DSP |   FF   |  LUT  | URAM|
+-----------------+---------+-----+--------+-------+-----+
|DSP              |        -|    -|       -|      -|    -|
|Expression       |        -|    -|       0|      1|    -|
|FIFO             |        -|    -|       -|      -|    -|
|Instance         |        6|    -|     611|    819|    -|
|Memory           |        -|    -|       -|      -|    -|
|Multiplexer      |        -|    -|       -|     58|    -|
|Register         |        -|    -|      36|      -|    -|
+-----------------+---------+-----+--------+-------+-----+
|Total            |        6|    0|     647|    878|    0|
+-----------------+---------+-----+--------+-------+-----+
|Available        |      280|  220|  106400|  53200|    0|
+-----------------+---------+-----+--------+-------+-----+
|Utilization (%)  |        2|    0|      ~0|      1|    0|
+-----------------+---------+-----+--------+-------+-----+

+ Detail: 
    * Instance: 
    +------------------------------------------------+--------------------------------------+---------+----+-----+-----+-----+
    |                    Instance                    |                Module                | BRAM_18K| DSP|  FF | LUT | URAM|
    +------------------------------------------------+--------------------------------------+---------+----+-----+-----+-----+
    |grp_xferode_2160_3840_1_0_1_0_3841_3_3_s_fu_42  |xferode_2160_3840_1_0_1_0_3841_3_3_s  |        6|   0|  611|  819|    0|
    +------------------------------------------------+--------------------------------------+---------+----+-----+-----+-----+
    |Total                                           |                                      |        6|   0|  611|  819|    0|
    +------------------------------------------------+--------------------------------------+---------+----+-----+-----+-----+

    * DSP: 
    N/A

    * Memory: 
    N/A

    * FIFO: 
    N/A

    * Expression: 
    +-----------------+----------+----+---+----+------------+------------+
    |  Variable Name  | Operation| DSP| FF| LUT| Bitwidth P0| Bitwidth P1|
    +-----------------+----------+----+---+----+------------+------------+
    |ap_block_state1  |        or|   0|  0|   1|           1|           1|
    +-----------------+----------+----+---+----+------------+------------+
    |Total            |          |   0|  0|   1|           1|           1|
    +-----------------+----------+----+---+----+------------+------------+

    * Multiplexer: 
    +-----------------------+----+-----------+-----+-----------+
    |          Name         | LUT| Input Size| Bits| Total Bits|
    +-----------------------+----+-----------+-----+-----------+
    |ap_NS_fsm              |  13|          3|    1|          3|
    |ap_done                |   9|          2|    1|          2|
    |imgHelper1_4101_read   |   9|          2|    1|          2|
    |imgHelper2_4102_write  |   9|          2|    1|          2|
    |p_src_cols_blk_n       |   9|          2|    1|          2|
    |p_src_rows_blk_n       |   9|          2|    1|          2|
    +-----------------------+----+-----------+-----+-----------+
    |Total                  |  58|         13|    6|         13|
    +-----------------------+----+-----------+-----+-----------+

    * Register: 
    +-------------------------------------------------------------+----+----+-----+-----------+
    |                             Name                            | FF | LUT| Bits| Const Bits|
    +-------------------------------------------------------------+----+----+-----+-----------+
    |ap_CS_fsm                                                    |   2|   0|    2|          0|
    |ap_done_reg                                                  |   1|   0|    1|          0|
    |grp_xferode_2160_3840_1_0_1_0_3841_3_3_s_fu_42_ap_start_reg  |   1|   0|    1|          0|
    |trunc_ln344_reg_62                                           |  16|   0|   16|          0|
    |trunc_ln345_reg_67                                           |  16|   0|   16|          0|
    +-------------------------------------------------------------+----+----+-----+-----------+
    |Total                                                        |  36|   0|   36|          0|
    +-------------------------------------------------------------+----+----+-----+-----------+



================================================================
== Interface
================================================================
* Summary: 
+-------------------------+-----+-----+------------+------------------------------------------+--------------+
|        RTL Ports        | Dir | Bits|  Protocol  |               Source Object              |    C Type    |
+-------------------------+-----+-----+------------+------------------------------------------+--------------+
|ap_clk                   |   in|    1|  ap_ctrl_hs|  erode<0, 0, 2160, 3840, 0, 3, 3, 1, 1>11|  return value|
|ap_rst                   |   in|    1|  ap_ctrl_hs|  erode<0, 0, 2160, 3840, 0, 3, 3, 1, 1>11|  return value|
|ap_start                 |   in|    1|  ap_ctrl_hs|  erode<0, 0, 2160, 3840, 0, 3, 3, 1, 1>11|  return value|
|ap_done                  |  out|    1|  ap_ctrl_hs|  erode<0, 0, 2160, 3840, 0, 3, 3, 1, 1>11|  return value|
|ap_continue              |   in|    1|  ap_ctrl_hs|  erode<0, 0, 2160, 3840, 0, 3, 3, 1, 1>11|  return value|
|ap_idle                  |  out|    1|  ap_ctrl_hs|  erode<0, 0, 2160, 3840, 0, 3, 3, 1, 1>11|  return value|
|ap_ready                 |  out|    1|  ap_ctrl_hs|  erode<0, 0, 2160, 3840, 0, 3, 3, 1, 1>11|  return value|
|imgHelper1_4101_dout     |   in|    8|     ap_fifo|                           imgHelper1_4101|       pointer|
|imgHelper1_4101_empty_n  |   in|    1|     ap_fifo|                           imgHelper1_4101|       pointer|
|imgHelper1_4101_read     |  out|    1|     ap_fifo|                           imgHelper1_4101|       pointer|
|imgHelper2_4102_din      |  out|    8|     ap_fifo|                           imgHelper2_4102|       pointer|
|imgHelper2_4102_full_n   |   in|    1|     ap_fifo|                           imgHelper2_4102|       pointer|
|imgHelper2_4102_write    |  out|    1|     ap_fifo|                           imgHelper2_4102|       pointer|
|p_src_rows_dout          |   in|   32|     ap_fifo|                                p_src_rows|       pointer|
|p_src_rows_empty_n       |   in|    1|     ap_fifo|                                p_src_rows|       pointer|
|p_src_rows_read          |  out|    1|     ap_fifo|                                p_src_rows|       pointer|
|p_src_cols_dout          |   in|   32|     ap_fifo|                                p_src_cols|       pointer|
|p_src_cols_empty_n       |   in|    1|     ap_fifo|                                p_src_cols|       pointer|
|p_src_cols_read          |  out|    1|     ap_fifo|                                p_src_cols|       pointer|
+-------------------------+-----+-----+------------+------------------------------------------+--------------+

