

================================================================
== Vitis HLS Report for 'xferode_2160_3840_1_0_1_0_3841_3_3_s'
================================================================
* Date:           Tue Mar 29 20:35:25 2022

* Version:        2020.2.2 (Build 3118627 on Tue Feb  9 05:13:49 MST 2021)
* Project:        colordetect
* Solution:       colordetect (Vivado IP Flow Target)
* Product family: zynq
* Target device:  xc7z020-clg484-2


================================================================
== Performance Estimates
================================================================
+ Timing: 
    * Summary: 
    +--------+----------+----------+------------+
    |  Clock |  Target  | Estimated| Uncertainty|
    +--------+----------+----------+------------+
    |ap_clk  |  10.00 ns|  7.156 ns|     2.70 ns|
    +--------+----------+----------+------------+

+ Latency: 
    * Summary: 
    +---------+---------+----------+-----------+-----+---------+---------+
    |  Latency (cycles) |  Latency (absolute)  |    Interval   | Pipeline|
    |   min   |   max   |    min   |    max    | min |   max   |   Type  |
    +---------+---------+----------+-----------+-----+---------+---------+
    |       12|  8319372|  0.120 us|  83.194 ms|   12|  8319372|     none|
    +---------+---------+----------+-----------+-----+---------+---------+

    + Detail: 
        * Instance: 
        +----------------------------------------------+-------------------------+---------+---------+----------+----------+-----+-----+---------+
        |                                              |                         |  Latency (cycles) |  Latency (absolute) |  Interval | Pipeline|
        |                   Instance                   |          Module         |   min   |   max   |    min   |    max   | min | max |   Type  |
        +----------------------------------------------+-------------------------+---------+---------+----------+----------+-----+-----+---------+
        |src_buf_V_0_1_xfExtractPixels_1_1_0_s_fu_460  |xfExtractPixels_1_1_0_s  |        0|        0|      0 ns|      0 ns|    1|    1|      yes|
        |src_buf_V_1_1_xfExtractPixels_1_1_0_s_fu_466  |xfExtractPixels_1_1_0_s  |        0|        0|      0 ns|      0 ns|    1|    1|      yes|
        |src_buf_V_2_1_xfExtractPixels_1_1_0_s_fu_472  |xfExtractPixels_1_1_0_s  |        0|        0|      0 ns|      0 ns|    1|    1|      yes|
        +----------------------------------------------+-------------------------+---------+---------+----------+----------+-----+-----+---------+

        * Loop: 
        +--------------------+---------+---------+----------+-----------+-----------+----------+----------+
        |                    |  Latency (cycles) | Iteration|  Initiation Interval  |   Trip   |          |
        |      Loop Name     |   min   |   max   |  Latency |  achieved |   target  |   Count  | Pipelined|
        +--------------------+---------+---------+----------+-----------+-----------+----------+----------+
        |- VITIS_LOOP_263_1  |        3|        3|         1|          1|          1|         3|       yes|
        |- VITIS_LOOP_278_2  |        1|     3841|         2|          1|          1|  1 ~ 3841|       yes|
        |- VITIS_LOOP_295_3  |        1|     3841|         1|          1|          1|  1 ~ 3841|       yes|
        |- Row_Loop          |        8|  8311680|  8 ~ 3848|          -|          -|  1 ~ 2160|        no|
        | + Col_Loop         |        5|     3845|         6|          1|          1|  1 ~ 3841|       yes|
        +--------------------+---------+---------+----------+-----------+-----------+----------+----------+



================================================================
== Utilization Estimates
================================================================
* Summary: 
+-----------------+---------+-----+--------+-------+-----+
|       Name      | BRAM_18K| DSP |   FF   |  LUT  | URAM|
+-----------------+---------+-----+--------+-------+-----+
|DSP              |        -|    -|       -|      -|    -|
|Expression       |        -|    -|       0|    252|    -|
|FIFO             |        -|    -|       -|      -|    -|
|Instance         |        -|    -|       0|     26|    -|
|Memory           |        6|    -|       0|      0|    -|
|Multiplexer      |        -|    -|       -|    445|    -|
|Register         |        -|    -|     611|     96|    -|
+-----------------+---------+-----+--------+-------+-----+
|Total            |        6|    0|     611|    819|    0|
+-----------------+---------+-----+--------+-------+-----+
|Available        |      280|  220|  106400|  53200|    0|
+-----------------+---------+-----+--------+-------+-----+
|Utilization (%)  |        2|    0|      ~0|      1|    0|
+-----------------+---------+-----+--------+-------+-----+

+ Detail: 
    * Instance: 
    +----------------------------------------------+-------------------------+---------+----+---+----+-----+
    |                   Instance                   |          Module         | BRAM_18K| DSP| FF| LUT| URAM|
    +----------------------------------------------+-------------------------+---------+----+---+----+-----+
    |mux_32_8_1_1_U111                             |mux_32_8_1_1             |        0|   0|  0|  13|    0|
    |mux_32_8_1_1_U112                             |mux_32_8_1_1             |        0|   0|  0|  13|    0|
    |src_buf_V_0_1_xfExtractPixels_1_1_0_s_fu_460  |xfExtractPixels_1_1_0_s  |        0|   0|  0|   0|    0|
    |src_buf_V_1_1_xfExtractPixels_1_1_0_s_fu_466  |xfExtractPixels_1_1_0_s  |        0|   0|  0|   0|    0|
    |src_buf_V_2_1_xfExtractPixels_1_1_0_s_fu_472  |xfExtractPixels_1_1_0_s  |        0|   0|  0|   0|    0|
    +----------------------------------------------+-------------------------+---------+----+---+----+-----+
    |Total                                         |                         |        0|   0|  0|  26|    0|
    +----------------------------------------------+-------------------------+---------+----+---+----+-----+

    * DSP: 
    N/A

    * Memory: 
    +-----------+----------------------------------------------+---------+---+----+-----+------+-----+------+-------------+
    |   Memory  |                    Module                    | BRAM_18K| FF| LUT| URAM| Words| Bits| Banks| W*Bits*Banks|
    +-----------+----------------------------------------------+---------+---+----+-----+------+-----+------+-------------+
    |buf_V_0_U  |xferode_2160_3840_1_0_1_0_3841_3_3_s_buf_V_0  |        2|  0|   0|    0|  3840|    8|     1|        30720|
    |buf_V_1_U  |xferode_2160_3840_1_0_1_0_3841_3_3_s_buf_V_0  |        2|  0|   0|    0|  3840|    8|     1|        30720|
    |buf_V_2_U  |xferode_2160_3840_1_0_1_0_3841_3_3_s_buf_V_0  |        2|  0|   0|    0|  3840|    8|     1|        30720|
    +-----------+----------------------------------------------+---------+---+----+-----+------+-----+------+-------------+
    |Total      |                                              |        6|  0|   0|    0| 11520|   24|     3|        92160|
    +-----------+----------------------------------------------+---------+---+----+-----+------+-----+------+-------------+

    * FIFO: 
    N/A

    * Expression: 
    +-----------------------------------+----------+----+---+----+------------+------------+
    |           Variable Name           | Operation| DSP| FF| LUT| Bitwidth P0| Bitwidth P1|
    +-----------------------------------+----------+----+---+----+------------+------------+
    |add_ln1616_fu_571_p2               |         +|   0|  0|  14|          14|           1|
    |add_ln691_1_fu_542_p2              |         +|   0|  0|  13|          13|           1|
    |add_ln691_fu_522_p2                |         +|   0|  0|  13|          13|           1|
    |col_V_1_fu_622_p2                  |         +|   0|  0|  13|          13|           1|
    |init_row_ind_fu_482_p2             |         +|   0|  0|   3|           2|           1|
    |op2_assign_fu_565_p2               |         +|   0|  0|  17|          17|           1|
    |row_V_1_fu_803_p2                  |         +|   0|  0|  13|          13|           1|
    |ap_block_pp1_stage0_11001          |       and|   0|  0|   1|           1|           1|
    |ap_block_state11_pp3_stage0_iter1  |       and|   0|  0|   1|           1|           1|
    |ap_block_state15_pp3_stage0_iter5  |       and|   0|  0|   1|           1|           1|
    |ap_block_state5_pp1_stage0_iter1   |       and|   0|  0|   1|           1|           1|
    |ap_condition_209                   |       and|   0|  0|   1|           1|           1|
    |ap_condition_226                   |       and|   0|  0|   1|           1|           1|
    |ap_condition_414                   |       and|   0|  0|   1|           1|           1|
    |ap_condition_77                    |       and|   0|  0|   1|           1|           1|
    |ap_condition_775                   |       and|   0|  0|   1|           1|           1|
    |cmp_i_i127_i_fu_605_p2             |      icmp|   0|  0|   7|          16|          16|
    |icmp_ln263_fu_497_p2               |      icmp|   0|  0|   1|           2|           2|
    |icmp_ln878_10_fu_750_p2            |      icmp|   0|  0|   4|           8|           8|
    |icmp_ln878_11_fu_764_p2            |      icmp|   0|  0|   4|           8|           8|
    |icmp_ln878_12_fu_778_p2            |      icmp|   0|  0|   4|           8|           8|
    |icmp_ln878_13_fu_790_p2            |      icmp|   0|  0|   4|           8|           8|
    |icmp_ln878_1_fu_552_p2             |      icmp|   0|  0|   7|          16|          16|
    |icmp_ln878_2_fu_586_p2             |      icmp|   0|  0|   7|          16|           1|
    |icmp_ln878_3_fu_600_p2             |      icmp|   0|  0|   7|          17|          17|
    |icmp_ln878_4_fu_636_p2             |      icmp|   0|  0|   6|          14|          14|
    |icmp_ln878_5_fu_641_p2             |      icmp|   0|  0|   7|          16|          16|
    |icmp_ln878_6_fu_696_p2             |      icmp|   0|  0|   4|           8|           8|
    |icmp_ln878_7_fu_710_p2             |      icmp|   0|  0|   4|           8|           8|
    |icmp_ln878_8_fu_724_p2             |      icmp|   0|  0|   4|           8|           8|
    |icmp_ln878_9_fu_736_p2             |      icmp|   0|  0|   4|           8|           8|
    |icmp_ln878_fu_532_p2               |      icmp|   0|  0|   7|          16|          16|
    |icmp_ln882_fu_667_p2               |      icmp|   0|  0|   5|          13|           1|
    |ap_block_pp3_stage0_01001          |        or|   0|  0|   1|           1|           1|
    |imgHelper2_4102_din                |    select|   0|  0|   8|           1|           8|
    |max_V_2_fu_702_p3                  |    select|   0|  0|   8|           1|           8|
    |max_V_3_fu_716_p3                  |    select|   0|  0|   8|           1|           8|
    |max_V_4_fu_729_p3                  |    select|   0|  0|   8|           1|           8|
    |max_V_5_fu_742_p3                  |    select|   0|  0|   8|           1|           8|
    |max_V_6_fu_756_p3                  |    select|   0|  0|   8|           1|           8|
    |max_V_7_fu_770_p3                  |    select|   0|  0|   8|           1|           8|
    |max_V_8_fu_783_p3                  |    select|   0|  0|   8|           1|           8|
    |ap_enable_pp1                      |       xor|   0|  0|   2|           1|           2|
    |ap_enable_pp3                      |       xor|   0|  0|   2|           1|           2|
    |ap_enable_reg_pp1_iter1            |       xor|   0|  0|   2|           2|           1|
    +-----------------------------------+----------+----+---+----+------------+------------+
    |Total                              |          |   0|  0| 252|         297|         249|
    +-----------------------------------+----------+----+---+----+------------+------------+

    * Multiplexer: 
    +-----------------------------------------------------------+----+-----------+-----+-----------+
    |                            Name                           | LUT| Input Size| Bits| Total Bits|
    +-----------------------------------------------------------+----+-----------+-----+-----------+
    |ap_NS_fsm                                                  |  45|         11|    1|         11|
    |ap_enable_reg_pp1_iter1                                    |  13|          3|    1|          3|
    |ap_enable_reg_pp3_iter4                                    |   9|          2|    1|          2|
    |ap_enable_reg_pp3_iter5                                    |  13|          3|    1|          3|
    |ap_phi_mux_buf_cop_V_0_0_phi_fu_382_p4                     |   9|          2|    8|         16|
    |ap_phi_mux_col_V_phi_fu_334_p4                             |   9|          2|   13|         26|
    |ap_phi_mux_i_col_046_0_phi_fu_266_p4                       |   9|          2|   13|         26|
    |ap_phi_mux_p_Val2_1_phi_fu_416_p4                          |   9|          2|    8|         16|
    |ap_phi_mux_p_Val2_2_phi_fu_393_p4                          |   9|          2|    8|         16|
    |ap_phi_mux_p_Val2_s_phi_fu_358_p4                          |   9|          2|    8|         16|
    |ap_phi_mux_src_buf_V_0_0_phi_fu_346_p4                     |   9|          2|    8|         16|
    |ap_phi_mux_src_buf_V_1_0_phi_fu_404_p4                     |   9|          2|    8|         16|
    |ap_phi_reg_pp3_iter1_arrayidx486_i181254_load_0_2_reg_366  |   9|          2|    8|         16|
    |ap_phi_reg_pp3_iter1_buf_cop_V_0_0_reg_378                 |   9|          2|    8|         16|
    |ap_phi_reg_pp3_iter1_buf_cop_V_1_reg_437                   |   9|          2|    8|         16|
    |ap_phi_reg_pp3_iter1_buf_cop_V_2_reg_448                   |   9|          2|    8|         16|
    |ap_phi_reg_pp3_iter2_arrayidx486_i181254_load_0_2_reg_366  |   9|          2|    8|         16|
    |ap_phi_reg_pp3_iter4_buf_cop_V_1_reg_437                   |   9|          2|    8|         16|
    |ap_phi_reg_pp3_iter4_buf_cop_V_2_reg_448                   |   9|          2|    8|         16|
    |buf_V_0_address1                                           |  17|          4|   12|         48|
    |buf_V_0_d1                                                 |  13|          3|    8|         24|
    |buf_V_1_address1                                           |  17|          4|   12|         48|
    |buf_V_1_d1                                                 |  13|          3|    8|         24|
    |buf_V_2_address1                                           |  13|          3|   12|         36|
    |buf_V_2_d1                                                 |  13|          3|    8|         24|
    |col_V_reg_330                                              |   9|          2|   13|         26|
    |i_col_046_0_reg_262                                        |   9|          2|   13|         26|
    |i_col_V_0_reg_274                                          |   9|          2|   13|         26|
    |imgHelper1_4101_blk_n                                      |   9|          2|    1|          2|
    |imgHelper2_4102_blk_n                                      |   9|          2|    1|          2|
    |p_Val2_1_reg_412                                           |   9|          2|    8|         16|
    |p_Val2_2_reg_389                                           |   9|          2|    8|         16|
    |p_Val2_s_reg_354                                           |   9|          2|    8|         16|
    |row_V_reg_318                                              |   9|          2|   13|         26|
    |row_ind_V_0_reg_306                                        |   9|          2|   13|         26|
    |row_ind_V_1_1_reg_295                                      |   9|          2|   13|         26|
    |row_ind_V_1_reg_251                                        |   9|          2|    2|          4|
    |row_ind_V_2_reg_285                                        |   9|          2|   13|         26|
    |src_buf_V_0_0_reg_342                                      |   9|          2|    8|         16|
    |src_buf_V_1_0_reg_400                                      |   9|          2|    8|         16|
    |src_buf_V_2_0_reg_424                                      |   9|          2|    8|         16|
    +-----------------------------------------------------------+----+-----------+-----+-----------+
    |Total                                                      | 445|        101|  337|        769|
    +-----------------------------------------------------------+----+-----------+-----+-----------+

    * Register: 
    +-----------------------------------------------------------+----+----+-----+-----------+
    |                            Name                           | FF | LUT| Bits| Const Bits|
    +-----------------------------------------------------------+----+----+-----+-----------+
    |add_ln1616_reg_890                                         |  14|   0|   14|          0|
    |add_ln691_reg_868                                          |  13|   0|   13|          0|
    |ap_CS_fsm                                                  |  10|   0|   10|          0|
    |ap_enable_reg_pp1_iter0                                    |   1|   0|    1|          0|
    |ap_enable_reg_pp1_iter1                                    |   1|   0|    1|          0|
    |ap_enable_reg_pp3_iter0                                    |   1|   0|    1|          0|
    |ap_enable_reg_pp3_iter1                                    |   1|   0|    1|          0|
    |ap_enable_reg_pp3_iter2                                    |   1|   0|    1|          0|
    |ap_enable_reg_pp3_iter3                                    |   1|   0|    1|          0|
    |ap_enable_reg_pp3_iter4                                    |   1|   0|    1|          0|
    |ap_enable_reg_pp3_iter5                                    |   1|   0|    1|          0|
    |ap_phi_reg_pp3_iter1_arrayidx486_i181254_load_0_2_reg_366  |   8|   0|    8|          0|
    |ap_phi_reg_pp3_iter1_buf_cop_V_0_0_reg_378                 |   8|   0|    8|          0|
    |ap_phi_reg_pp3_iter1_buf_cop_V_1_reg_437                   |   8|   0|    8|          0|
    |ap_phi_reg_pp3_iter1_buf_cop_V_2_reg_448                   |   8|   0|    8|          0|
    |ap_phi_reg_pp3_iter2_arrayidx486_i181254_load_0_2_reg_366  |   8|   0|    8|          0|
    |ap_phi_reg_pp3_iter2_buf_cop_V_0_0_reg_378                 |   8|   0|    8|          0|
    |ap_phi_reg_pp3_iter2_buf_cop_V_1_reg_437                   |   8|   0|    8|          0|
    |ap_phi_reg_pp3_iter2_buf_cop_V_2_reg_448                   |   8|   0|    8|          0|
    |ap_phi_reg_pp3_iter3_arrayidx486_i181254_load_0_2_reg_366  |   8|   0|    8|          0|
    |ap_phi_reg_pp3_iter3_buf_cop_V_0_0_reg_378                 |   8|   0|    8|          0|
    |ap_phi_reg_pp3_iter3_buf_cop_V_1_reg_437                   |   8|   0|    8|          0|
    |ap_phi_reg_pp3_iter3_buf_cop_V_2_reg_448                   |   8|   0|    8|          0|
    |ap_phi_reg_pp3_iter4_buf_cop_V_1_reg_437                   |   8|   0|    8|          0|
    |ap_phi_reg_pp3_iter4_buf_cop_V_2_reg_448                   |   8|   0|    8|          0|
    |cmp_i_i127_i_reg_903                                       |   1|   0|    1|          0|
    |col_V_1_reg_921                                            |  13|   0|   13|          0|
    |col_V_reg_330                                              |  13|   0|   13|          0|
    |col_V_reg_330_pp3_iter1_reg                                |  13|   0|   13|          0|
    |empty_reg_840                                              |  14|   0|   14|          0|
    |i_col_046_0_reg_262                                        |  13|   0|   13|          0|
    |i_col_V_0_reg_274                                          |  13|   0|   13|          0|
    |icmp_ln878_2_reg_895                                       |   1|   0|    1|          0|
    |icmp_ln878_4_reg_926                                       |   1|   0|    1|          0|
    |icmp_ln878_5_reg_930                                       |   1|   0|    1|          0|
    |icmp_ln878_reg_873                                         |   1|   0|    1|          0|
    |icmp_ln882_reg_954                                         |   1|   0|    1|          0|
    |max_V_3_reg_968                                            |   8|   0|    8|          0|
    |max_V_7_reg_986                                            |   8|   0|    8|          0|
    |op2_assign_reg_885                                         |  17|   0|   17|          0|
    |p_Val2_1_reg_412                                           |   8|   0|    8|          0|
    |p_Val2_2_reg_389                                           |   8|   0|    8|          0|
    |p_Val2_s_reg_354                                           |   8|   0|    8|          0|
    |row_V_reg_318                                              |  13|   0|   13|          0|
    |row_ind_V_0_0_fu_92                                        |   2|   0|   13|         11|
    |row_ind_V_0_0_load_reg_850                                 |   2|   0|   13|         11|
    |row_ind_V_0_reg_306                                        |  13|   0|   13|          0|
    |row_ind_V_1_0_fu_96                                        |   2|   0|   13|         11|
    |row_ind_V_1_0_load_reg_855                                 |   2|   0|   13|         11|
    |row_ind_V_1_1_reg_295                                      |  13|   0|   13|          0|
    |row_ind_V_1_reg_251                                        |   2|   0|    2|          0|
    |row_ind_V_2_0_fu_100                                       |   2|   0|   13|         11|
    |row_ind_V_2_0_load_reg_860                                 |   2|   0|   13|         11|
    |row_ind_V_2_reg_285                                        |  13|   0|   13|          0|
    |src_buf_V_0_0_reg_342                                      |   8|   0|    8|          0|
    |src_buf_V_0_1_reg_963                                      |   8|   0|    8|          0|
    |src_buf_V_1_0_reg_400                                      |   8|   0|    8|          0|
    |src_buf_V_1_1_reg_974                                      |   8|   0|    8|          0|
    |src_buf_V_2_0_reg_424                                      |   8|   0|    8|          0|
    |src_buf_V_2_1_reg_979                                      |   8|   0|    8|          0|
    |trunc_ln124_reg_907                                        |   2|   0|    2|          0|
    |trunc_ln138_1_reg_916                                      |   2|   0|    2|          0|
    |trunc_ln138_reg_911                                        |   2|   0|    2|          0|
    |icmp_ln878_4_reg_926                                       |  64|  32|    1|          0|
    |icmp_ln878_5_reg_930                                       |  64|  32|    1|          0|
    |icmp_ln882_reg_954                                         |  64|  32|    1|          0|
    +-----------------------------------------------------------+----+----+-----+-----------+
    |Total                                                      | 611|  96|  488|         66|
    +-----------------------------------------------------------+----+----+-----+-----------+



================================================================
== Interface
================================================================
* Summary: 
+-------------------------+-----+-----+------------+---------------------------------------------+--------------+
|        RTL Ports        | Dir | Bits|  Protocol  |                Source Object                |    C Type    |
+-------------------------+-----+-----+------------+---------------------------------------------+--------------+
|ap_clk                   |   in|    1|  ap_ctrl_hs|  xferode<2160, 3840, 1, 0, 1, 0, 3841, 3, 3>|  return value|
|ap_rst                   |   in|    1|  ap_ctrl_hs|  xferode<2160, 3840, 1, 0, 1, 0, 3841, 3, 3>|  return value|
|ap_start                 |   in|    1|  ap_ctrl_hs|  xferode<2160, 3840, 1, 0, 1, 0, 3841, 3, 3>|  return value|
|ap_done                  |  out|    1|  ap_ctrl_hs|  xferode<2160, 3840, 1, 0, 1, 0, 3841, 3, 3>|  return value|
|ap_idle                  |  out|    1|  ap_ctrl_hs|  xferode<2160, 3840, 1, 0, 1, 0, 3841, 3, 3>|  return value|
|ap_ready                 |  out|    1|  ap_ctrl_hs|  xferode<2160, 3840, 1, 0, 1, 0, 3841, 3, 3>|  return value|
|imgHelper1_4101_dout     |   in|    8|     ap_fifo|                              imgHelper1_4101|       pointer|
|imgHelper1_4101_empty_n  |   in|    1|     ap_fifo|                              imgHelper1_4101|       pointer|
|imgHelper1_4101_read     |  out|    1|     ap_fifo|                              imgHelper1_4101|       pointer|
|imgHelper2_4102_din      |  out|    8|     ap_fifo|                              imgHelper2_4102|       pointer|
|imgHelper2_4102_full_n   |   in|    1|     ap_fifo|                              imgHelper2_4102|       pointer|
|imgHelper2_4102_write    |  out|    1|     ap_fifo|                              imgHelper2_4102|       pointer|
|img_height               |   in|   16|     ap_none|                                   img_height|        scalar|
|img_width                |   in|   16|     ap_none|                                    img_width|        scalar|
+-------------------------+-----+-----+------------+---------------------------------------------+--------------+

