

================================================================
== Vitis HLS Report for 'xFInRange_9_0_2160_3840_15_0_1_9_1_3_s'
================================================================
* Date:           Tue Mar 29 20:35:24 2022

* Version:        2020.2.2 (Build 3118627 on Tue Feb  9 05:13:49 MST 2021)
* Project:        colordetect
* Solution:       colordetect (Vivado IP Flow Target)
* Product family: zynq
* Target device:  xc7z020-clg484-2


================================================================
== Performance Estimates
================================================================
+ Timing: 
    * Summary: 
    +--------+----------+----------+------------+
    |  Clock |  Target  | Estimated| Uncertainty|
    +--------+----------+----------+------------+
    |ap_clk  |  10.00 ns|  5.515 ns|     2.70 ns|
    +--------+----------+----------+------------+

+ Latency: 
    * Summary: 
    +---------+---------+-----------+-----------+-----+---------+---------+
    |  Latency (cycles) |   Latency (absolute)  |    Interval   | Pipeline|
    |   min   |   max   |    min    |    max    | min |   max   |   Type  |
    +---------+---------+-----------+-----------+-----+---------+---------+
    |        5|  8294406|  50.000 ns|  82.944 ms|    5|  8294406|     none|
    +---------+---------+-----------+-----------+-----+---------+---------+

    + Detail: 
        * Instance: 
        N/A

        * Loop: 
        +-----------------------------------+---------+---------+----------+-----------+-----------+-------------+----------+
        |                                   |  Latency (cycles) | Iteration|  Initiation Interval  |     Trip    |          |
        |             Loop Name             |   min   |   max   |  Latency |  achieved |   target  |    Count    | Pipelined|
        +-----------------------------------+---------+---------+----------+-----------+-----------+-------------+----------+
        |- VITIS_LOOP_92_1_VITIS_LOOP_96_2  |        0|  8294401|         3|          1|          1|  0 ~ 8294400|       yes|
        +-----------------------------------+---------+---------+----------+-----------+-----------+-------------+----------+



================================================================
== Utilization Estimates
================================================================
* Summary: 
+-----------------+---------+-----+--------+-------+-----+
|       Name      | BRAM_18K| DSP |   FF   |  LUT  | URAM|
+-----------------+---------+-----+--------+-------+-----+
|DSP              |        -|    1|       -|      -|    -|
|Expression       |        -|    -|       0|    179|    -|
|FIFO             |        -|    -|       -|      -|    -|
|Instance         |        -|    -|       -|      -|    -|
|Memory           |        -|    -|       -|      -|    -|
|Multiplexer      |        -|    -|       -|     83|    -|
|Register         |        -|    -|      79|      -|    -|
+-----------------+---------+-----+--------+-------+-----+
|Total            |        0|    1|      79|    262|    0|
+-----------------+---------+-----+--------+-------+-----+
|Available        |      280|  220|  106400|  53200|    0|
+-----------------+---------+-----+--------+-------+-----+
|Utilization (%)  |        0|   ~0|      ~0|     ~0|    0|
+-----------------+---------+-----+--------+-------+-----+

+ Detail: 
    * Instance: 
    N/A

    * DSP: 
    +------------------------------+--------------------------+-----------+
    |           Instance           |          Module          | Expression|
    +------------------------------+--------------------------+-----------+
    |mul_mul_16ns_16ns_32_4_1_U57  |mul_mul_16ns_16ns_32_4_1  |    i0 * i1|
    +------------------------------+--------------------------+-----------+

    * Memory: 
    N/A

    * FIFO: 
    N/A

    * Expression: 
    +----------------------------------+----------+----+---+----+------------+------------+
    |           Variable Name          | Operation| DSP| FF| LUT| Bitwidth P0| Bitwidth P1|
    +----------------------------------+----------+----+---+----+------------+------------+
    |add_ln92_fu_248_p2                |         +|   0|  0|  32|          32|           1|
    |and_ln1348_10_fu_463_p2           |       and|   0|  0|   1|           1|           1|
    |and_ln1348_11_fu_541_p2           |       and|   0|  0|   1|           1|           1|
    |and_ln1348_12_fu_547_p2           |       and|   0|  0|   1|           1|           1|
    |and_ln1348_13_fu_553_p2           |       and|   0|  0|   1|           1|           1|
    |and_ln1348_14_fu_559_p2           |       and|   0|  0|   1|           1|           1|
    |and_ln1348_1_fu_373_p2            |       and|   0|  0|   1|           1|           1|
    |and_ln1348_2_fu_355_p2            |       and|   0|  0|   1|           1|           1|
    |and_ln1348_3_fu_469_p2            |       and|   0|  0|   1|           1|           1|
    |and_ln1348_4_fu_361_p2            |       and|   0|  0|   1|           1|           1|
    |and_ln1348_5_fu_565_p2            |       and|   0|  0|   1|           1|           1|
    |and_ln1348_6_fu_367_p2            |       and|   0|  0|   1|           1|           1|
    |and_ln1348_7_fu_445_p2            |       and|   0|  0|   1|           1|           1|
    |and_ln1348_8_fu_451_p2            |       and|   0|  0|   1|           1|           1|
    |and_ln1348_9_fu_457_p2            |       and|   0|  0|   1|           1|           1|
    |and_ln1348_fu_349_p2              |       and|   0|  0|   1|           1|           1|
    |ap_block_state6_pp0_stage0_iter1  |       and|   0|  0|   1|           1|           1|
    |ap_block_state7_pp0_stage0_iter2  |       and|   0|  0|   1|           1|           1|
    |icmp_ln56_10_fu_508_p2            |      icmp|   0|  0|   4|           8|           8|
    |icmp_ln56_11_fu_530_p2            |      icmp|   0|  0|   4|           8|           8|
    |icmp_ln56_1_fu_294_p2             |      icmp|   0|  0|   4|           8|           8|
    |icmp_ln56_2_fu_316_p2             |      icmp|   0|  0|   4|           8|           8|
    |icmp_ln56_3_fu_338_p2             |      icmp|   0|  0|   4|           8|           8|
    |icmp_ln56_4_fu_379_p2             |      icmp|   0|  0|   4|           8|           8|
    |icmp_ln56_5_fu_390_p2             |      icmp|   0|  0|   4|           8|           8|
    |icmp_ln56_6_fu_412_p2             |      icmp|   0|  0|   4|           8|           8|
    |icmp_ln56_7_fu_434_p2             |      icmp|   0|  0|   4|           8|           8|
    |icmp_ln56_8_fu_475_p2             |      icmp|   0|  0|   4|           8|           8|
    |icmp_ln56_9_fu_486_p2             |      icmp|   0|  0|   4|           8|           8|
    |icmp_ln56_fu_283_p2               |      icmp|   0|  0|   4|           8|           8|
    |icmp_ln890_1_fu_327_p2            |      icmp|   0|  0|   4|           8|           8|
    |icmp_ln890_2_fu_401_p2            |      icmp|   0|  0|   4|           8|           8|
    |icmp_ln890_3_fu_423_p2            |      icmp|   0|  0|   4|           8|           8|
    |icmp_ln890_4_fu_497_p2            |      icmp|   0|  0|   4|           8|           8|
    |icmp_ln890_5_fu_519_p2            |      icmp|   0|  0|   4|           8|           8|
    |icmp_ln890_fu_305_p2              |      icmp|   0|  0|   4|           8|           8|
    |icmp_ln92_fu_254_p2               |      icmp|   0|  0|  12|          32|          32|
    |ap_block_pp0_stage0_01001         |        or|   0|  0|   1|           1|           1|
    |ap_block_state1                   |        or|   0|  0|   1|           1|           1|
    |or_ln1349_1_fu_575_p2             |        or|   0|  0|   1|           1|           1|
    |or_ln1349_fu_571_p2               |        or|   0|  0|   1|           1|           1|
    |imgHelper1_4101_din               |    select|   0|  0|   2|           1|           2|
    |ap_enable_pp0                     |       xor|   0|  0|   2|           1|           2|
    |ap_enable_reg_pp0_iter1           |       xor|   0|  0|   2|           2|           1|
    |xor_ln56_10_fu_513_p2             |       xor|   0|  0|   2|           1|           2|
    |xor_ln56_11_fu_535_p2             |       xor|   0|  0|   2|           1|           2|
    |xor_ln56_1_fu_299_p2              |       xor|   0|  0|   2|           1|           2|
    |xor_ln56_2_fu_321_p2              |       xor|   0|  0|   2|           1|           2|
    |xor_ln56_3_fu_343_p2              |       xor|   0|  0|   2|           1|           2|
    |xor_ln56_4_fu_384_p2              |       xor|   0|  0|   2|           1|           2|
    |xor_ln56_5_fu_395_p2              |       xor|   0|  0|   2|           1|           2|
    |xor_ln56_6_fu_417_p2              |       xor|   0|  0|   2|           1|           2|
    |xor_ln56_7_fu_439_p2              |       xor|   0|  0|   2|           1|           2|
    |xor_ln56_8_fu_480_p2              |       xor|   0|  0|   2|           1|           2|
    |xor_ln56_9_fu_491_p2              |       xor|   0|  0|   2|           1|           2|
    |xor_ln56_fu_288_p2                |       xor|   0|  0|   2|           1|           2|
    |xor_ln890_1_fu_332_p2             |       xor|   0|  0|   2|           1|           2|
    |xor_ln890_2_fu_406_p2             |       xor|   0|  0|   2|           1|           2|
    |xor_ln890_3_fu_428_p2             |       xor|   0|  0|   2|           1|           2|
    |xor_ln890_4_fu_502_p2             |       xor|   0|  0|   2|           1|           2|
    |xor_ln890_5_fu_524_p2             |       xor|   0|  0|   2|           1|           2|
    |xor_ln890_fu_310_p2               |       xor|   0|  0|   2|           1|           2|
    +----------------------------------+----------+----+---+----+------------+------------+
    |Total                             |          |   0|  0| 179|         251|         239|
    +----------------------------------+----------+----+---+----+------------+------------+

    * Multiplexer: 
    +-------------------------+----+-----------+-----+-----------+
    |           Name          | LUT| Input Size| Bits| Total Bits|
    +-------------------------+----+-----------+-----+-----------+
    |ap_NS_fsm                |  29|          7|    1|          7|
    |ap_done                  |   9|          2|    1|          2|
    |ap_enable_reg_pp0_iter1  |   9|          2|    1|          2|
    |ap_enable_reg_pp0_iter2  |   9|          2|    1|          2|
    |imgHelper1_4101_blk_n    |   9|          2|    1|          2|
    |indvar_flatten_reg_229   |   9|          2|   32|         64|
    |rgb2hsv_4100_blk_n       |   9|          2|    1|          2|
    +-------------------------+----+-----------+-----+-----------+
    |Total                    |  83|         19|   38|         81|
    +-------------------------+----+-----------+-----+-----------+

    * Register: 
    +---------------------------------+----+----+-----+-----------+
    |               Name              | FF | LUT| Bits| Const Bits|
    +---------------------------------+----+----+-----+-----------+
    |and_ln1348_1_reg_709             |   1|   0|    1|          0|
    |and_ln1348_3_reg_714             |   1|   0|    1|          0|
    |and_ln1348_5_reg_719             |   1|   0|    1|          0|
    |ap_CS_fsm                        |   6|   0|    6|          0|
    |ap_done_reg                      |   1|   0|    1|          0|
    |ap_enable_reg_pp0_iter0          |   1|   0|    1|          0|
    |ap_enable_reg_pp0_iter1          |   1|   0|    1|          0|
    |ap_enable_reg_pp0_iter2          |   1|   0|    1|          0|
    |bound_reg_695                    |  32|   0|   32|          0|
    |icmp_ln92_reg_705                |   1|   0|    1|          0|
    |icmp_ln92_reg_705_pp0_iter1_reg  |   1|   0|    1|          0|
    |indvar_flatten_reg_229           |  32|   0|   32|          0|
    +---------------------------------+----+----+-----+-----------+
    |Total                            |  79|   0|   79|          0|
    +---------------------------------+----+----+-----+-----------+



================================================================
== Interface
================================================================
* Summary: 
+------------------------+-----+-----+------------+------------------------------------------------+--------------+
|        RTL Ports       | Dir | Bits|  Protocol  |                  Source Object                 |    C Type    |
+------------------------+-----+-----+------------+------------------------------------------------+--------------+
|ap_clk                  |   in|    1|  ap_ctrl_hs|  xFInRange<9, 0, 2160, 3840, 15, 0, 1, 9, 1, 3>|  return value|
|ap_rst                  |   in|    1|  ap_ctrl_hs|  xFInRange<9, 0, 2160, 3840, 15, 0, 1, 9, 1, 3>|  return value|
|ap_start                |   in|    1|  ap_ctrl_hs|  xFInRange<9, 0, 2160, 3840, 15, 0, 1, 9, 1, 3>|  return value|
|ap_done                 |  out|    1|  ap_ctrl_hs|  xFInRange<9, 0, 2160, 3840, 15, 0, 1, 9, 1, 3>|  return value|
|ap_continue             |   in|    1|  ap_ctrl_hs|  xFInRange<9, 0, 2160, 3840, 15, 0, 1, 9, 1, 3>|  return value|
|ap_idle                 |  out|    1|  ap_ctrl_hs|  xFInRange<9, 0, 2160, 3840, 15, 0, 1, 9, 1, 3>|  return value|
|ap_ready                |  out|    1|  ap_ctrl_hs|  xFInRange<9, 0, 2160, 3840, 15, 0, 1, 9, 1, 3>|  return value|
|rgb2hsv_4100_dout       |   in|   24|     ap_fifo|                                    rgb2hsv_4100|       pointer|
|rgb2hsv_4100_empty_n    |   in|    1|     ap_fifo|                                    rgb2hsv_4100|       pointer|
|rgb2hsv_4100_read       |  out|    1|     ap_fifo|                                    rgb2hsv_4100|       pointer|
|imgHelper1_4101_din     |  out|    8|     ap_fifo|                                 imgHelper1_4101|       pointer|
|imgHelper1_4101_full_n  |   in|    1|     ap_fifo|                                 imgHelper1_4101|       pointer|
|imgHelper1_4101_write   |  out|    1|     ap_fifo|                                 imgHelper1_4101|       pointer|
|p_read                  |   in|    8|     ap_none|                                          p_read|        scalar|
|p_read1                 |   in|    8|     ap_none|                                         p_read1|        scalar|
|p_read2                 |   in|    8|     ap_none|                                         p_read2|        scalar|
|p_read3                 |   in|    8|     ap_none|                                         p_read3|        scalar|
|p_read4                 |   in|    8|     ap_none|                                         p_read4|        scalar|
|p_read5                 |   in|    8|     ap_none|                                         p_read5|        scalar|
|p_read6                 |   in|    8|     ap_none|                                         p_read6|        scalar|
|p_read7                 |   in|    8|     ap_none|                                         p_read7|        scalar|
|p_read8                 |   in|    8|     ap_none|                                         p_read8|        scalar|
|p_read9                 |   in|    8|     ap_none|                                         p_read9|        scalar|
|p_read10                |   in|    8|     ap_none|                                        p_read10|        scalar|
|p_read11                |   in|    8|     ap_none|                                        p_read11|        scalar|
|p_read12                |   in|    8|     ap_none|                                        p_read12|        scalar|
|p_read13                |   in|    8|     ap_none|                                        p_read13|        scalar|
|p_read14                |   in|    8|     ap_none|                                        p_read14|        scalar|
|p_read15                |   in|    8|     ap_none|                                        p_read15|        scalar|
|p_read16                |   in|    8|     ap_none|                                        p_read16|        scalar|
|p_read17                |   in|    8|     ap_none|                                        p_read17|        scalar|
|p_read18                |   in|   16|     ap_none|                                        p_read18|        scalar|
|p_read19                |   in|   16|     ap_none|                                        p_read19|        scalar|
+------------------------+-----+-----+------------+------------------------------------------------+--------------+

