

================================================================
== Vitis HLS Report for 'xfMat2axis_24_0_2160_3840_1_s'
================================================================
* Date:           Tue Mar 29 20:35:26 2022

* Version:        2020.2.2 (Build 3118627 on Tue Feb  9 05:13:49 MST 2021)
* Project:        colordetect
* Solution:       colordetect (Vivado IP Flow Target)
* Product family: zynq
* Target device:  xc7z020-clg484-2


================================================================
== Performance Estimates
================================================================
+ Timing: 
    * Summary: 
    +--------+----------+----------+------------+
    |  Clock |  Target  | Estimated| Uncertainty|
    +--------+----------+----------+------------+
    |ap_clk  |  10.00 ns|  5.157 ns|     2.70 ns|
    +--------+----------+----------+------------+

+ Latency: 
    * Summary: 
    +---------+---------+-----------+-----------+-----+---------+---------+
    |  Latency (cycles) |   Latency (absolute)  |    Interval   | Pipeline|
    |   min   |   max   |    min    |    max    | min |   max   |   Type  |
    +---------+---------+-----------+-----------+-----+---------+---------+
    |        1|  8303041|  10.000 ns|  83.030 ms|    1|  8303041|     none|
    +---------+---------+-----------+-----------+-----+---------+---------+

    + Detail: 
        * Instance: 
        N/A

        * Loop: 
        +---------------------+---------+---------+----------+-----------+-----------+----------+----------+
        |                     |  Latency (cycles) | Iteration|  Initiation Interval  |   Trip   |          |
        |      Loop Name      |   min   |   max   |  Latency |  achieved |   target  |   Count  | Pipelined|
        +---------------------+---------+---------+----------+-----------+-----------+----------+----------+
        |- loop_row_mat2axi   |        0|  8303040|  3 ~ 3844|          -|          -|  0 ~ 2160|        no|
        | + loop_col_mat2axi  |        0|     3841|         3|          1|          1|  0 ~ 3840|       yes|
        +---------------------+---------+---------+----------+-----------+-----------+----------+----------+



================================================================
== Utilization Estimates
================================================================
* Summary: 
+-----------------+---------+-----+--------+-------+-----+
|       Name      | BRAM_18K| DSP |   FF   |  LUT  | URAM|
+-----------------+---------+-----+--------+-------+-----+
|DSP              |        -|    -|       -|      -|    -|
|Expression       |        -|    -|       0|    147|    -|
|FIFO             |        -|    -|       -|      -|    -|
|Instance         |        -|    -|       -|      -|    -|
|Memory           |        -|    -|       -|      -|    -|
|Multiplexer      |        -|    -|       -|    102|    -|
|Register         |        -|    -|     176|      -|    -|
+-----------------+---------+-----+--------+-------+-----+
|Total            |        0|    0|     176|    249|    0|
+-----------------+---------+-----+--------+-------+-----+
|Available        |      280|  220|  106400|  53200|    0|
+-----------------+---------+-----+--------+-------+-----+
|Utilization (%)  |        0|    0|      ~0|     ~0|    0|
+-----------------+---------+-----+--------+-------+-----+

+ Detail: 
    * Instance: 
    N/A

    * DSP: 
    N/A

    * Memory: 
    N/A

    * FIFO: 
    N/A

    * Expression: 
    +----------------------------------+----------+----+---+----+------------+------------+
    |           Variable Name          | Operation| DSP| FF| LUT| Bitwidth P0| Bitwidth P1|
    +----------------------------------+----------+----+---+----+------------+------------+
    |i_1_fu_160_p2                     |         +|   0|  0|  12|          12|           1|
    |j_1_fu_180_p2                     |         +|   0|  0|  12|          12|           1|
    |sub9_i_fu_154_p2                  |         +|   0|  0|  32|          32|           2|
    |sub_i_fu_148_p2                   |         +|   0|  0|  32|          32|           2|
    |ap_block_state4_io                |       and|   0|  0|   1|           1|           1|
    |ap_block_state5_io                |       and|   0|  0|   1|           1|           1|
    |axi_last_V_fu_200_p2              |       and|   0|  0|   1|           1|           1|
    |icmp_ln105_fu_170_p2              |      icmp|   0|  0|  12|          32|          32|
    |icmp_ln107_fu_190_p2              |      icmp|   0|  0|  12|          32|          32|
    |icmp_ln112_1_fu_195_p2            |      icmp|   0|  0|  12|          32|          32|
    |icmp_ln112_fu_175_p2              |      icmp|   0|  0|  12|          32|          32|
    |ap_block_pp0_stage0_01001         |        or|   0|  0|   1|           1|           1|
    |ap_block_pp0_stage0_11001         |        or|   0|  0|   1|           1|           1|
    |ap_block_state1                   |        or|   0|  0|   1|           1|           1|
    |ap_block_state4_pp0_stage0_iter1  |        or|   0|  0|   1|           1|           1|
    |ap_enable_pp0                     |       xor|   0|  0|   2|           1|           2|
    |ap_enable_reg_pp0_iter1           |       xor|   0|  0|   2|           2|           1|
    +----------------------------------+----------+----+---+----+------------+------------+
    |Total                             |          |   0|  0| 147|         226|         144|
    +----------------------------------+----------+----+---+----+------------+------------+

    * Multiplexer: 
    +-------------------------+----+-----------+-----+-----------+
    |           Name          | LUT| Input Size| Bits| Total Bits|
    +-------------------------+----+-----------+-----+-----------+
    |ap_NS_fsm                |  21|          5|    1|          5|
    |ap_done                  |   9|          2|    1|          2|
    |ap_enable_reg_pp0_iter1  |   9|          2|    1|          2|
    |ap_enable_reg_pp0_iter2  |   9|          2|    1|          2|
    |dst_TDATA_blk_n          |   9|          2|    1|          2|
    |i_reg_126                |   9|          2|   12|         24|
    |imgOutput_4105_blk_n     |   9|          2|    1|          2|
    |img_cols_blk_n           |   9|          2|    1|          2|
    |img_rows_blk_n           |   9|          2|    1|          2|
    |j_reg_137                |   9|          2|   12|         24|
    +-------------------------+----+-----------+-----+-----------+
    |Total                    | 102|         23|   32|         67|
    +-------------------------+----+-----------+-----+-----------+

    * Register: 
    +----------------------------------+----+----+-----+-----------+
    |               Name               | FF | LUT| Bits| Const Bits|
    +----------------------------------+----+----+-----+-----------+
    |ap_CS_fsm                         |   4|   0|    4|          0|
    |ap_done_reg                       |   1|   0|    1|          0|
    |ap_enable_reg_pp0_iter0           |   1|   0|    1|          0|
    |ap_enable_reg_pp0_iter1           |   1|   0|    1|          0|
    |ap_enable_reg_pp0_iter2           |   1|   0|    1|          0|
    |axi_last_V_reg_253                |   1|   0|    1|          0|
    |cols_reg_215                      |  32|   0|   32|          0|
    |i_1_reg_230                       |  12|   0|   12|          0|
    |i_reg_126                         |  12|   0|   12|          0|
    |icmp_ln107_reg_249                |   1|   0|    1|          0|
    |icmp_ln107_reg_249_pp0_iter1_reg  |   1|   0|    1|          0|
    |icmp_ln112_reg_239                |   1|   0|    1|          0|
    |j_reg_137                         |  12|   0|   12|          0|
    |rows_reg_210                      |  32|   0|   32|          0|
    |sub9_i_reg_225                    |  32|   0|   32|          0|
    |sub_i_reg_220                     |  32|   0|   32|          0|
    +----------------------------------+----+----+-----+-----------+
    |Total                             | 176|   0|  176|          0|
    +----------------------------------+----+----+-----+-----------+



================================================================
== Interface
================================================================
* Summary: 
+------------------------+-----+-----+------------+----------------------------------+--------------+
|        RTL Ports       | Dir | Bits|  Protocol  |           Source Object          |    C Type    |
+------------------------+-----+-----+------------+----------------------------------+--------------+
|ap_clk                  |   in|    1|  ap_ctrl_hs|  xfMat2axis<24, 0, 2160, 3840, 1>|  return value|
|ap_rst                  |   in|    1|  ap_ctrl_hs|  xfMat2axis<24, 0, 2160, 3840, 1>|  return value|
|ap_start                |   in|    1|  ap_ctrl_hs|  xfMat2axis<24, 0, 2160, 3840, 1>|  return value|
|ap_done                 |  out|    1|  ap_ctrl_hs|  xfMat2axis<24, 0, 2160, 3840, 1>|  return value|
|ap_continue             |   in|    1|  ap_ctrl_hs|  xfMat2axis<24, 0, 2160, 3840, 1>|  return value|
|ap_idle                 |  out|    1|  ap_ctrl_hs|  xfMat2axis<24, 0, 2160, 3840, 1>|  return value|
|ap_ready                |  out|    1|  ap_ctrl_hs|  xfMat2axis<24, 0, 2160, 3840, 1>|  return value|
|imgOutput_4105_dout     |   in|    8|     ap_fifo|                    imgOutput_4105|       pointer|
|imgOutput_4105_empty_n  |   in|    1|     ap_fifo|                    imgOutput_4105|       pointer|
|imgOutput_4105_read     |  out|    1|     ap_fifo|                    imgOutput_4105|       pointer|
|img_rows_dout           |   in|   32|     ap_fifo|                          img_rows|       pointer|
|img_rows_empty_n        |   in|    1|     ap_fifo|                          img_rows|       pointer|
|img_rows_read           |  out|    1|     ap_fifo|                          img_rows|       pointer|
|img_cols_dout           |   in|   32|     ap_fifo|                          img_cols|       pointer|
|img_cols_empty_n        |   in|    1|     ap_fifo|                          img_cols|       pointer|
|img_cols_read           |  out|    1|     ap_fifo|                          img_cols|       pointer|
|dst_TDATA               |  out|   24|        axis|                      dst_V_data_V|       pointer|
|dst_TVALID              |  out|    1|        axis|                      dst_V_dest_V|       pointer|
|dst_TREADY              |   in|    1|        axis|                      dst_V_dest_V|       pointer|
|dst_TDEST               |  out|    1|        axis|                      dst_V_dest_V|       pointer|
|dst_TKEEP               |  out|    3|        axis|                      dst_V_keep_V|       pointer|
|dst_TSTRB               |  out|    3|        axis|                      dst_V_strb_V|       pointer|
|dst_TUSER               |  out|    1|        axis|                      dst_V_user_V|       pointer|
|dst_TLAST               |  out|    1|        axis|                      dst_V_last_V|       pointer|
|dst_TID                 |  out|    1|        axis|                        dst_V_id_V|       pointer|
+------------------------+-----+-----+------------+----------------------------------+--------------+

